2014-06-15 15:50:35,224 INFO  - Added On Her Majesty's Secret Service with rating 6.8
2014-06-15 15:50:37,066 INFO  - Added Not Another Happy Ending with rating 6.2
2014-06-15 15:50:39,557 INFO  - Added A Room with a View with rating 7.5
2014-06-15 15:50:41,503 INFO  - Added Moonraker with rating 6.2
2014-06-15 15:50:45,515 INFO  - Added Le meraviglie with rating 6.8
2014-06-15 15:50:47,941 INFO  - Added Kickboxer with rating 6.2
2014-06-15 15:50:49,857 INFO  - Added Playing by Heart with rating 7.2
2014-06-15 15:50:55,358 INFO  - Added Orange County with rating 6.2
2014-06-15 15:50:57,240 INFO  - Added Pinocchio with rating 7.6
2014-06-15 15:50:59,023 INFO  - Added La danza de la realidad with rating 7.7
2014-06-15 15:51:06,551 INFO  - Added Me and Orson Welles with rating 6.8
2014-06-15 15:51:08,550 INFO  - Added Un monstre à Paris with rating 6.7
2014-06-15 15:51:10,415 INFO  - Added Middle Men with rating 6.5
2014-06-15 15:51:12,673 INFO  - Added A Very Harold & Kumar 3D Christmas with rating 6.4
2014-06-15 15:51:14,442 INFO  - Added Sliding Doors with rating 6.8
2014-06-15 15:51:14,442 INFO  - Finished inserting page starting from 3701
2014-06-15 15:51:18,356 INFO  - Added Delicatessen with rating 7.8
2014-06-15 15:51:22,256 INFO  - Added Midnight in the Garden of Good and Evil with rating 6.6
2014-06-15 15:51:24,219 INFO  - Added Pride and Glory with rating 6.7
2014-06-15 15:51:26,756 INFO  - Added Patch Adams with rating 6.5
2014-06-15 15:51:28,786 INFO  - Added Yip Man 2 with rating 7.6
2014-06-15 15:51:34,943 INFO  - Added Gridiron Gang with rating 6.9
2014-06-15 15:51:36,861 INFO  - Added My Summer of Love with rating 6.8
2014-06-15 15:51:39,013 INFO  - Added Double Indemnity with rating 8.5
2014-06-15 15:51:40,694 INFO  - Added Detroit Rock City with rating 6.8
2014-06-15 15:51:43,031 INFO  - Added Happiness with rating 7.8
2014-06-15 15:51:45,620 INFO  - Added Hævnen with rating 7.7
2014-06-15 15:51:47,877 INFO  - Added Den skaldede frisør with rating 6.6
2014-06-15 15:51:51,588 INFO  - Added Tropa de Elite 2 - O Inimigo Agora É Outro with rating 8.1
2014-06-15 15:51:54,205 INFO  - Added Elephant with rating 7.2
2014-06-15 15:51:56,663 INFO  - Added Hobo with a Shotgun with rating 6.1
2014-06-15 15:52:00,503 INFO  - Added À bout de souffle with rating 8.0
2014-06-15 15:52:02,680 INFO  - Added Educazione siberiana with rating 6.5
2014-06-15 15:52:05,056 INFO  - Added The Monster Squad with rating 7.2
2014-06-15 15:52:12,063 INFO  - Added Hoodwinked! with rating 6.6
2014-06-15 15:52:18,097 INFO  - Added Mask with rating 7.2
2014-06-15 15:52:21,685 INFO  - Added Wag the Dog with rating 7.1
2014-06-15 15:52:23,557 INFO  - Added Mar adentro with rating 8.1
2014-06-15 15:52:25,538 INFO  - Added Blowup with rating 7.7
2014-06-15 15:52:29,388 INFO  - Added Waitress with rating 7.1
2014-06-15 15:52:31,154 INFO  - Added Repo! The Genetic Opera with rating 6.7
2014-06-15 15:52:34,810 INFO  - Added Sabrina with rating 6.2
2014-06-15 15:52:37,055 INFO  - Added New Nightmare with rating 6.4
2014-06-15 15:52:39,805 INFO  - Added Chaos with rating 6.5
2014-06-15 15:52:43,626 INFO  - Added Vanishing Point with rating 7.3
2014-06-15 15:52:46,129 INFO  - Added Little Giants with rating 6.2
2014-06-15 15:52:47,885 INFO  - Added Speak with rating 7.5
2014-06-15 15:52:49,838 INFO  - Added Dragon: The Bruce Lee Story with rating 7.0
2014-06-15 15:52:53,321 INFO  - Added A Birder's Guide to Everything with rating 6.3
2014-06-15 15:52:57,562 INFO  - Added Intolerable Cruelty with rating 6.3
2014-06-15 15:53:00,201 INFO  - Added Stand and Deliver with rating 7.4
2014-06-15 15:53:00,201 INFO  - Finished inserting page starting from 3751
2014-06-15 15:53:05,235 INFO  - Added Chi bi with rating 7.4
2014-06-15 15:53:07,319 INFO  - Added Idle Hands with rating 6.2
2014-06-15 15:53:11,396 INFO  - Added The Gift with rating 6.7
2014-06-15 15:53:16,954 INFO  - Added How to Marry a Millionaire with rating 7.0
2014-06-15 15:53:18,810 INFO  - Added A Perfect World with rating 7.5
2014-06-15 15:53:20,595 INFO  - Added The Crying Game with rating 7.3
2014-06-15 15:53:23,253 INFO  - Added Planet 51 with rating 6.1
2014-06-15 15:53:36,386 INFO  - Added Six Degrees of Separation with rating 6.9
2014-06-15 15:53:38,345 INFO  - Added Ran with rating 8.3
2014-06-15 15:53:40,385 INFO  - Added Wuthering Heights with rating 6.1
2014-06-15 15:53:42,320 INFO  - Added Salò o le 120 giornate di Sodoma with rating 6.0
2014-06-15 15:53:46,462 INFO  - Added Arachnophobia with rating 6.3
2014-06-15 15:53:49,862 INFO  - Added Arthur et les Minimoys with rating 6.0
2014-06-15 15:53:56,120 INFO  - Added United 93 with rating 7.7
2014-06-15 15:53:59,846 INFO  - Added Midnight Run with rating 7.6
2014-06-15 15:54:03,628 INFO  - Added Felon with rating 7.5
2014-06-15 15:54:08,772 INFO  - Added 48 Hrs. with rating 6.9
2014-06-15 15:54:15,210 INFO  - Added Osmosis Jones with rating 6.2
2014-06-15 15:54:17,488 INFO  - Added King of New York with rating 7.0
2014-06-15 15:54:19,919 INFO  - Added Wayne's World 2 with rating 6.1
2014-06-15 15:54:24,447 INFO  - Added The Last Picture Show with rating 8.1
2014-06-15 15:54:26,468 INFO  - Added Wyatt Earp with rating 6.6
2014-06-15 15:54:28,871 INFO  - Added El Dorado with rating 7.7
2014-06-15 15:54:30,819 INFO  - Added Astro Boy with rating 6.4
2014-06-15 15:54:32,868 INFO  - Added Bambi with rating 7.4
2014-06-15 15:54:34,939 INFO  - Added Who's Afraid of Virginia Woolf? with rating 8.1
2014-06-15 15:54:36,977 INFO  - Added Crimson Tide with rating 7.3
2014-06-15 15:54:40,360 INFO  - Added The Client with rating 6.7
2014-06-15 15:54:40,360 INFO  - Finished inserting page starting from 3801
2014-06-15 15:54:44,036 INFO  - Added The Prince of Tides with rating 6.7
2014-06-15 15:54:45,970 INFO  - Added Night Shift with rating 6.5
2014-06-15 15:54:49,376 INFO  - Added 360 with rating 6.1
2014-06-15 15:54:54,835 INFO  - Added Bitter Moon with rating 7.1
2014-06-15 15:54:56,594 INFO  - Added Pioneer with rating 6.0
2014-06-15 15:55:00,777 INFO  - Added Red Hill with rating 6.4
2014-06-15 15:55:03,946 INFO  - Added The Wicker Man with rating 7.7
2014-06-15 15:55:05,734 INFO  - Added The Sapphires with rating 7.0
2014-06-15 15:55:09,360 INFO  - Added The Last Station with rating 7.0
2014-06-15 15:55:11,055 INFO  - Added Factory Girl with rating 6.4
2014-06-15 15:55:15,668 INFO  - Added The Blue Gardenia with rating 6.9
2014-06-15 15:55:18,468 INFO  - Added Joan of Arc with rating 6.4
2014-06-15 15:55:20,221 INFO  - Added The Best Years of Our Lives with rating 8.2
2014-06-15 15:55:23,942 INFO  - Added Ladder 49 with rating 6.5
2014-06-15 15:55:26,001 INFO  - Added Run & Jump with rating 6.2
2014-06-15 15:55:28,090 INFO  - Added Election with rating 7.3
2014-06-15 15:55:29,825 INFO  - Added The Last of Robin Hood with rating 7.2
2014-06-15 15:55:33,371 INFO  - Added The Maltese Falcon with rating 8.2
2014-06-15 15:55:37,317 INFO  - Added Nim's Island with rating 6.0
2014-06-15 15:55:39,376 INFO  - Added Shanghai Noon with rating 6.6
2014-06-15 15:55:47,560 INFO  - Added Tom yum goong with rating 7.1
2014-06-15 15:56:02,118 INFO  - Added Inland Empire with rating 7.0
2014-06-15 15:56:03,884 INFO  - Added L'auberge espagnole with rating 7.3
2014-06-15 15:56:05,651 INFO  - Added A Goofy Movie with rating 6.8
2014-06-15 15:56:07,539 INFO  - Added Find Me Guilty with rating 7.1
2014-06-15 15:56:09,409 INFO  - Added Fahrenheit 451 with rating 7.2
2014-06-15 15:56:11,300 INFO  - Added City Island with rating 7.4
2014-06-15 15:56:14,451 INFO  - Added Le pacte des loups with rating 7.1
2014-06-15 15:56:16,880 INFO  - Added Hair with rating 7.5
2014-06-15 15:56:18,933 INFO  - Added Ne le dis à personne with rating 7.6
2014-06-15 15:56:20,706 INFO  - Finished inserting page starting from 3851
2014-06-15 15:56:23,842 INFO  - Added Dead Presidents with rating 6.8
2014-06-15 15:56:25,797 INFO  - Added Bride & Prejudice with rating 6.2
2014-06-15 15:56:33,083 INFO  - Added The Jewel of the Nile with rating 6.0
2014-06-15 15:56:37,417 INFO  - Added Stigmata with rating 6.2
2014-06-15 15:56:41,306 INFO  - Added Re-Animator with rating 7.3
2014-06-15 15:56:48,799 INFO  - Added Good Morning, Vietnam with rating 7.2
2014-06-15 15:56:51,174 INFO  - Added Green Fire with rating 6.0
2014-06-15 15:56:53,041 INFO  - Added Fly Away Home with rating 6.8
2014-06-15 15:56:59,833 INFO  - Added Frost/Nixon with rating 7.7
2014-06-15 15:57:01,824 INFO  - Added Time Bandits with rating 7.0
2014-06-15 15:57:05,507 INFO  - Added Janghwa, Hongryeon with rating 7.3
2014-06-15 15:57:07,408 INFO  - Added Where Eagles Dare with rating 7.7
2014-06-15 15:57:09,582 INFO  - Added House of Last Things with rating 6.9
2014-06-15 15:57:11,266 INFO  - Added Valley Girl with rating 6.3
2014-06-15 15:57:15,949 INFO  - Added License to Drive with rating 6.2
2014-06-15 15:57:23,116 INFO  - Added Yôjinbô with rating 8.4
2014-06-15 15:57:25,234 INFO  - Added Franklyn with rating 6.2
2014-06-15 15:57:27,482 INFO  - Added Batman: The Movie with rating 6.5
2014-06-15 15:57:29,324 INFO  - Added Død snø with rating 6.4
2014-06-15 15:57:35,140 INFO  - Added Arlington Road with rating 7.2
2014-06-15 15:57:40,284 INFO  - Added Tian zhu ding with rating 7.2
2014-06-15 15:57:41,966 INFO  - Added When a Man Loves a Woman with rating 6.5
2014-06-15 15:57:44,191 INFO  - Added From Time to Time with rating 6.7
2014-06-15 15:57:46,575 INFO  - Added The Natural with rating 7.6
2014-06-15 15:57:48,732 INFO  - Added Holy Motors with rating 7.1
2014-06-15 15:57:51,057 INFO  - Added The Man with the Golden Gun with rating 6.8
2014-06-15 15:57:54,873 INFO  - Added The Gods Must Be Crazy with rating 7.3
2014-06-15 15:57:57,115 INFO  - Added Sister Act with rating 6.1
2014-06-15 15:57:59,566 INFO  - Added Radio with rating 6.9
2014-06-15 15:58:01,223 INFO  - Added The Selfish Giant with rating 7.4
2014-06-15 15:58:03,024 INFO  - Added 15 Minutes with rating 6.1
2014-06-15 15:58:03,024 INFO  - Finished inserting page starting from 3901
2014-06-15 15:58:07,940 INFO  - Added Regarding Henry with rating 6.7
2014-06-15 15:58:15,006 INFO  - Added San Siu Lam Zi with rating 6.9
2014-06-15 15:58:19,247 INFO  - Added Party Monster with rating 6.3
2014-06-15 15:58:23,615 INFO  - Added Straw Dogs with rating 7.6
2014-06-15 15:58:25,383 INFO  - Added The Pledge with rating 6.8
2014-06-15 15:58:27,106 INFO  - Added Swimming Pool with rating 6.8
2014-06-15 15:58:28,766 INFO  - Added The Sweeney with rating 6.2
2014-06-15 15:58:31,191 INFO  - Added Jungle Fever with rating 6.5
2014-06-15 15:58:34,547 INFO  - Added Breach with rating 7.1
2014-06-15 15:58:36,422 INFO  - Added Les amours imaginaires with rating 7.1
2014-06-15 15:58:39,775 INFO  - Added Pushing Tin with rating 6.0
2014-06-15 15:58:41,821 INFO  - Added Sleeping with the Enemy with rating 6.0
2014-06-15 15:58:43,831 INFO  - Added A Man Apart with rating 6.1
2014-06-15 15:58:45,874 INFO  - Added The Beastmaster with rating 6.1
2014-06-15 15:58:47,880 INFO  - Added Rashômon with rating 8.4
2014-06-15 15:58:50,057 INFO  - Added Trolljegeren with rating 7.0
2014-06-15 15:58:52,024 INFO  - Added The King of Comedy with rating 7.8
2014-06-15 15:58:53,707 INFO  - Added Very Bad Things with rating 6.3
2014-06-15 15:58:55,740 INFO  - Added Der Name der Rose with rating 7.8
2014-06-15 15:58:57,948 INFO  - Added The Day the Earth Stood Still with rating 7.9
2014-06-15 15:58:59,722 INFO  - Added Kyss mig with rating 6.8
2014-06-15 15:59:04,780 INFO  - Added Quills with rating 7.4
2014-06-15 15:59:06,630 INFO  - Added Fantastic Voyage with rating 6.9
2014-06-15 15:59:08,632 INFO  - Added Garage with rating 7.1
2014-06-15 15:59:10,871 INFO  - Added Kung Pow: Enter the Fist with rating 6.2
2014-06-15 15:59:16,033 INFO  - Added Pathology with rating 6.0
2014-06-15 15:59:19,363 INFO  - Added Sightseers with rating 6.5
2014-06-15 15:59:21,188 INFO  - Added Money Talks with rating 6.1
2014-06-15 15:59:25,280 INFO  - Added Che: Part One with rating 7.2
2014-06-15 15:59:27,279 INFO  - Added The Grapes of Wrath with rating 8.2
2014-06-15 15:59:29,148 INFO  - Added Amazing Grace with rating 7.5
2014-06-15 15:59:31,262 INFO  - Added Pink Flamingos with rating 6.1
2014-06-15 15:59:33,542 INFO  - Added A Majority of One with rating 6.8
2014-06-15 15:59:35,913 INFO  - Added Neko no ongaeshi with rating 7.3
2014-06-15 15:59:39,463 INFO  - Added The Good Girl with rating 6.5
2014-06-15 15:59:41,172 INFO  - Finished inserting page starting from 3951
2014-06-15 15:59:44,371 INFO  - Added Short Cuts with rating 7.7
2014-06-15 15:59:48,837 INFO  - Added Nanny McPhee and the Big Bang with rating 6.0
2014-06-15 15:59:50,832 INFO  - Added The Last Dragon with rating 6.8
2014-06-15 15:59:52,946 INFO  - Added Shall We Dance with rating 6.0
2014-06-15 15:59:56,787 INFO  - Added The Battery with rating 6.5
2014-06-15 15:59:58,637 INFO  - Added Tigerland with rating 7.1
2014-06-15 16:00:00,574 INFO  - Added [Rec] 2 with rating 6.6
2014-06-15 16:00:03,782 INFO  - Added The Adventures of Baron Munchausen with rating 7.2
2014-06-15 16:00:07,906 INFO  - Added Kill List with rating 6.3
2014-06-15 16:00:09,566 INFO  - Added Hideaways with rating 6.2
2014-06-15 16:00:13,797 INFO  - Added The Poughkeepsie Tapes with rating 6.2
2014-06-15 16:00:15,832 INFO  - Added Gettysburg with rating 7.7
2014-06-15 16:00:17,637 INFO  - Added Girl on a Bicycle with rating 6.0
2014-06-15 16:00:20,212 INFO  - Added Nicholas Nickleby with rating 7.3
2014-06-15 16:00:22,061 INFO  - Added Basic with rating 6.5
2014-06-15 16:00:23,896 INFO  - Added Ladri di biciclette with rating 8.4
2014-06-15 16:00:25,696 INFO  - Added Below with rating 6.2
2014-06-15 16:00:29,499 INFO  - Added Forever Strong with rating 7.3
2014-06-15 16:00:35,883 INFO  - Added Bend of the River with rating 7.4
2014-06-15 16:00:37,728 INFO  - Added Swing Kids with rating 6.7
2014-06-15 16:00:41,604 INFO  - Added Catch Us If You Can with rating 6.1
2014-06-15 16:00:43,904 INFO  - Added Dog Pound with rating 7.1
2014-06-15 16:00:45,649 INFO  - Added The Lazarus Project with rating 6.2
2014-06-15 16:00:56,811 INFO  - Added Apt Pupil with rating 6.7
2014-06-15 16:01:00,970 INFO  - Added Ookami kodomo no Ame to Yuki with rating 8.1
2014-06-15 16:01:03,795 INFO  - Added Oliver & Company with rating 6.7
2014-06-15 16:01:08,123 INFO  - Added The Rookie with rating 7.0
2014-06-15 16:01:09,936 INFO  - Added Puncture with rating 6.9
2014-06-15 16:01:13,989 INFO  - Added Akeelah and the Bee with rating 7.5
2014-06-15 16:01:18,615 INFO  - Added Clash by Night with rating 7.2
2014-06-15 16:01:20,403 INFO  - Added The Devil's Own with rating 6.0
2014-06-15 16:01:22,437 INFO  - Added Assassins with rating 6.2
2014-06-15 16:01:24,777 INFO  - Added Bachelor Party with rating 6.2
2014-06-15 16:01:24,777 INFO  - Finished inserting page starting from 4001
2014-06-15 16:01:27,877 INFO  - Added History of the World: Part I with rating 6.8
2014-06-15 16:01:29,677 INFO  - Added Shadow Dancer with rating 6.2
2014-06-15 16:01:31,627 INFO  - Added Untraceable with rating 6.2
2014-06-15 16:01:33,978 INFO  - Added Extracted with rating 6.5
2014-06-15 16:01:37,611 INFO  - Added Diamonds Are Forever with rating 6.7
2014-06-15 16:01:39,473 INFO  - Added Burke and Hare with rating 6.2
2014-06-15 16:01:43,085 INFO  - Added Best in Show with rating 7.5
2014-06-15 16:01:45,162 INFO  - Added Appaloosa with rating 6.8
2014-06-15 16:01:47,285 INFO  - Added French Kiss with rating 6.5
2014-06-15 16:01:51,168 INFO  - Added Shi mian mai fu with rating 7.6
2014-06-15 16:01:54,935 INFO  - Added Margaret with rating 6.4
2014-06-15 16:01:56,752 INFO  - Added Grosse Pointe Blank with rating 7.4
2014-06-15 16:01:58,519 INFO  - Added Lionheart with rating 6.0
2014-06-15 16:02:05,843 INFO  - Added A Guide to Recognizing Your Saints with rating 7.1
2014-06-15 16:02:09,648 INFO  - Added Welcome to the Rileys with rating 7.0
2014-06-15 16:02:16,364 INFO  - Added My Blueberry Nights with rating 6.7
2014-06-15 16:02:29,812 INFO  - Added Cop Land with rating 6.9
2014-06-15 16:02:31,806 INFO  - Added Wild Bill with rating 7.2
2014-06-15 16:02:33,906 INFO  - Added Flight of the Phoenix with rating 6.1
2014-06-15 16:02:37,328 INFO  - Added Das weiße Band - Eine deutsche Kindergeschichte with rating 7.8
2014-06-15 16:02:39,067 INFO  - Added Inventing the Abbotts with rating 6.4
2014-06-15 16:02:41,259 INFO  - Added The Commitments with rating 7.5
2014-06-15 16:02:43,434 INFO  - Added I'm Still Here with rating 6.2
2014-06-15 16:02:50,404 INFO  - Added Rope with rating 8.1
2014-06-15 16:02:52,476 INFO  - Added Memphis Belle with rating 6.9
2014-06-15 16:02:58,331 INFO  - Added Hounddog with rating 6.3
2014-06-15 16:03:00,811 INFO  - Added El espinazo del diablo with rating 7.5
2014-06-15 16:03:03,292 INFO  - Added Ginger Snaps with rating 6.8
2014-06-15 16:03:03,293 INFO  - Finished inserting page starting from 4051
2014-06-15 16:03:11,050 INFO  - Added Better Than Chocolate with rating 6.3
2014-06-15 16:03:16,529 INFO  - Added Badlands with rating 7.9
2014-06-15 16:03:22,150 INFO  - Added Birth with rating 6.0
2014-06-15 16:03:23,884 INFO  - Added The Wind That Shakes the Barley with rating 7.5
2014-06-15 16:03:25,946 INFO  - Added FernGully: The Last Rainforest with rating 6.4
2014-06-15 16:03:29,292 INFO  - Added Taking Woodstock with rating 6.7
2014-06-15 16:03:31,075 INFO  - Added Forces spéciales with rating 6.3
2014-06-15 16:03:33,154 INFO  - Added The Ultimate Gift with rating 7.4
2014-06-15 16:03:35,866 INFO  - Added Electrick Children with rating 6.8
2014-06-15 16:03:39,698 INFO  - Added Stretch with rating 8.1
2014-06-15 16:03:43,609 INFO  - Added Koroshiya 1 with rating 7.2
2014-06-15 16:03:45,881 INFO  - Added Strangers on a Train with rating 8.1
2014-06-15 16:03:50,458 INFO  - Added 11:14 with rating 7.2
2014-06-15 16:03:52,647 INFO  - Added 16 Blocks with rating 6.6
2014-06-15 16:03:54,558 INFO  - Added Courage Under Fire with rating 6.6
2014-06-15 16:03:58,331 INFO  - Added U.S. Marshals with rating 6.5
2014-06-15 16:04:00,008 INFO  - Added Soshite chichi ni naru with rating 7.9
2014-06-15 16:04:03,603 INFO  - Added The Perfect Game with rating 6.9
2014-06-15 16:04:06,974 INFO  - Added Cleaner with rating 6.1
2014-06-15 16:04:12,366 INFO  - Added Cesar Chavez with rating 6.1
2014-06-15 16:04:14,270 INFO  - Added Paris, Texas with rating 8.1
2014-06-15 16:04:16,416 INFO  - Added Fanny och Alexander with rating 8.2
2014-06-15 16:04:18,848 INFO  - Added The Jane Austen Book Club with rating 6.9
2014-06-15 16:04:20,978 INFO  - Added The Meaning of Life with rating 7.6
2014-06-15 16:04:25,489 INFO  - Added Dragonfly with rating 6.0
2014-06-15 16:04:27,873 INFO  - Added The Cannonball Run with rating 6.0
2014-06-15 16:04:43,691 INFO  - Finished inserting page starting from 4101
2014-06-15 16:04:47,146 INFO  - Added Into the White with rating 7.1
2014-06-15 16:04:50,732 INFO  - Added The Rescuers with rating 6.9
2014-06-15 16:04:52,540 INFO  - Added Won't Back Down with rating 6.3
2014-06-15 16:04:56,846 INFO  - Added Juice with rating 7.0
2014-06-15 16:04:59,223 INFO  - Added Les triplettes de Belleville with rating 7.8
2014-06-15 16:05:01,548 INFO  - Added El mariachi with rating 7.0
2014-06-15 16:05:03,346 INFO  - Added Flatliners with rating 6.5
2014-06-15 16:05:05,357 INFO  - Added Lake Mungo with rating 6.1
2014-06-15 16:05:10,073 INFO  - Added Hot Shots! Part Deux with rating 6.5
2014-06-15 16:05:14,906 INFO  - Added The Mirror Has Two Faces with rating 6.4
2014-06-15 16:05:19,256 INFO  - Added To Sir, with Love with rating 7.7
2014-06-15 16:05:21,197 INFO  - Added Strange Days with rating 7.2
2014-06-15 16:05:23,030 INFO  - Added Everything Is Illuminated with rating 7.5
2014-06-15 16:05:25,656 INFO  - Added Sid and Nancy with rating 7.1
2014-06-15 16:05:27,631 INFO  - Added Amapola with rating 6.8
2014-06-15 16:05:37,578 INFO  - Added Guess Who's Coming to Dinner with rating 7.8
2014-06-15 16:05:44,039 INFO  - Added The Misfits with rating 7.5
2014-06-15 16:05:48,322 INFO  - Added Someone Like You... with rating 6.1
2014-06-15 16:05:52,797 INFO  - Added Judgment at Nuremberg with rating 8.3
2014-06-15 16:05:54,771 INFO  - Added The Mosquito Coast with rating 6.6
2014-06-15 16:05:57,305 INFO  - Added Lost and Delirious with rating 7.0
2014-06-15 16:05:59,231 INFO  - Added Dirty Rotten Scoundrels with rating 7.3
2014-06-15 16:06:03,654 INFO  - Added Pretty Baby with rating 6.6
2014-06-15 16:06:05,439 INFO  - Added London with rating 6.7
2014-06-15 16:06:07,197 INFO  - Added Oliver Twist with rating 6.9
2014-06-15 16:06:20,107 INFO  - Added O with rating 6.2
2014-06-15 16:06:21,847 INFO  - Added La science des rêves with rating 7.4
2014-06-15 16:06:23,805 INFO  - Added Les quatre cents coups with rating 8.2
2014-06-15 16:06:27,983 INFO  - Added Mousehunt with rating 6.3
2014-06-15 16:06:29,712 INFO  - Finished inserting page starting from 4151
2014-06-15 16:06:34,618 INFO  - Added Blind Dating with rating 6.1
2014-06-15 16:06:36,430 INFO  - Added The Libertine with rating 6.4
2014-06-15 16:06:40,688 INFO  - Added Back to School with rating 6.5
2014-06-15 16:06:45,236 INFO  - Added Antwone Fisher with rating 7.3
2014-06-15 16:06:47,696 INFO  - Added Chinjeolhan geumjassi with rating 7.7
2014-06-15 16:06:49,510 INFO  - Added Junebug with rating 7.1
2014-06-15 16:06:51,804 INFO  - Added Courageous with rating 6.9
2014-06-15 16:06:53,779 INFO  - Added The Girl on the Train with rating 7.6
2014-06-15 16:06:59,112 INFO  - Added What If... with rating 6.5
2014-06-15 16:07:08,695 INFO  - Added Witness for the Prosecution with rating 8.5
2014-06-15 16:07:10,621 INFO  - Added Splinter with rating 6.1
2014-06-15 16:07:16,429 INFO  - Added House of Sand and Fog with rating 7.6
2014-06-15 16:07:20,787 INFO  - Added Baby Boom with rating 6.0
2014-06-15 16:07:30,571 INFO  - Added Bean with rating 6.2
2014-06-15 16:07:32,395 INFO  - Added The Transformers: The Movie with rating 7.4
2014-06-15 16:07:34,787 INFO  - Added Fort Bliss with rating 7.4
2014-06-15 16:07:38,762 INFO  - Added Rio Bravo with rating 8.1
2014-06-15 16:07:46,004 INFO  - Added Runaway Jury with rating 7.1
2014-06-15 16:07:51,695 INFO  - Added Cat on a Hot Tin Roof with rating 8.1
2014-06-15 16:07:55,445 INFO  - Added A Christmas Carol with rating 6.8
2014-06-15 16:07:59,062 INFO  - Added The Details with rating 6.2
2014-06-15 16:08:03,728 INFO  - Added Grabbers with rating 6.2
2014-06-15 16:08:07,636 INFO  - Added Romeo and Juliet with rating 6.4
2014-06-15 16:08:09,528 INFO  - Added The Night of the Hunter with rating 8.1
2014-06-15 16:08:09,528 INFO  - Finished inserting page starting from 4201
2014-06-15 16:08:14,411 INFO  - Added Emma with rating 6.9
2014-06-15 16:08:16,234 INFO  - Added Dirty Pretty Things with rating 7.4
2014-06-15 16:08:17,887 INFO  - Added Eden with rating 6.7
2014-06-15 16:08:19,829 INFO  - Added Ordinary People with rating 7.9
2014-06-15 16:08:21,995 INFO  - Added Barbershop with rating 6.3
2014-06-15 16:08:25,927 INFO  - Added Star Trek: Generations with rating 6.6
2014-06-15 16:08:28,463 INFO  - Added Boy A with rating 7.7
2014-06-15 16:08:32,712 INFO  - Added Sorcerer with rating 7.7
2014-06-15 16:08:34,611 INFO  - Added The Hustler with rating 8.1
2014-06-15 16:08:38,403 INFO  - Added Conspiracy Theory with rating 6.7
2014-06-15 16:08:40,895 INFO  - Added Youngblood with rating 6.0
2014-06-15 16:08:42,669 INFO  - Added Sin nombre with rating 7.6
2014-06-15 16:08:44,928 INFO  - Added The Verdict with rating 7.8
2014-06-15 16:08:46,878 INFO  - Added Titus with rating 7.3
2014-06-15 16:08:50,476 INFO  - Added Blood Simple. with rating 7.7
2014-06-15 16:08:54,045 INFO  - Added Bandits with rating 6.6
2014-06-15 16:09:03,085 INFO  - Added The Rescuers Down Under with rating 6.9
2014-06-15 16:09:06,894 INFO  - Added Les choristes with rating 7.9
2014-06-15 16:09:08,785 INFO  - Added Ned Kelly with rating 6.5
2014-06-15 16:09:10,562 INFO  - Added Winnie the Pooh with rating 7.3
2014-06-15 16:09:12,378 INFO  - Added The Quiet with rating 6.5
2014-06-15 16:09:15,926 INFO  - Added The Edge of Love with rating 6.3
2014-06-15 16:09:20,418 INFO  - Added Meng long guo jiang with rating 7.3
2014-06-15 16:09:25,051 INFO  - Added The Joy Luck Club with rating 7.6
2014-06-15 16:09:30,895 INFO  - Added American Gigolo with rating 6.1
2014-06-15 16:09:34,402 INFO  - Added Laurence Anyways with rating 7.5
2014-06-15 16:09:36,651 INFO  - Added The Parent Trap with rating 7.1
2014-06-15 16:09:47,661 INFO  - Added The Time Machine with rating 7.6
2014-06-15 16:09:49,442 INFO  - Added Luftslottet som sprängdes with rating 7.2
2014-06-15 16:09:49,443 INFO  - Finished inserting page starting from 4251
2014-06-15 16:09:53,151 INFO  - Added The Good Son with rating 6.3
2014-06-15 16:09:55,567 INFO  - Added Working Girl with rating 6.7
2014-06-15 16:09:59,675 INFO  - Added The Way We Were with rating 7.1
2014-06-15 16:10:02,044 INFO  - Added Ten Inch Hero with rating 7.5
2014-06-15 16:10:07,392 INFO  - Added Session 9 with rating 6.6
2014-06-15 16:10:09,309 INFO  - Added Astérix & Obélix: Mission Cléopâtre with rating 6.6
2014-06-15 16:10:10,993 INFO  - Added Bringing Out the Dead with rating 6.8
2014-06-15 16:10:13,443 INFO  - Added Don Juan DeMarco with rating 6.8
2014-06-15 16:10:15,719 INFO  - Added The Man Who Fell to Earth with rating 6.7
2014-06-15 16:10:19,894 INFO  - Added The Ledge with rating 6.6
2014-06-15 16:10:29,044 INFO  - Added The Straight Story with rating 8.0
2014-06-15 16:10:31,252 INFO  - Added The Animatrix with rating 7.4
2014-06-15 16:10:35,468 INFO  - Added Chariots of Fire with rating 7.3
2014-06-15 16:10:37,567 INFO  - Added Coco avant Chanel with rating 6.7
2014-06-15 16:10:39,261 INFO  - Added Twilight Zone: The Movie with rating 6.5
2014-06-15 16:10:41,560 INFO  - Added Jui kuen II with rating 7.6
2014-06-15 16:10:45,552 INFO  - Added Heartbreak Ridge with rating 6.8
2014-06-15 16:10:51,599 INFO  - Added My Own Private Idaho with rating 7.1
2014-06-15 16:10:53,558 INFO  - Added Snabba cash with rating 6.7
2014-06-15 16:10:59,066 INFO  - Added The Importance of Being Earnest with rating 6.9
2014-06-15 16:11:05,007 INFO  - Added Pale Rider with rating 7.3
2014-06-15 16:11:12,550 INFO  - Added Cat People with rating 6.0
2014-06-15 16:11:14,926 INFO  - Added Naked Lunch with rating 7.1
2014-06-15 16:11:25,481 INFO  - Added Near Dark with rating 7.1
2014-06-15 16:11:27,234 INFO  - Added 20 ans d'écart with rating 6.4
2014-06-15 16:11:31,399 INFO  - Added The Door in the Floor with rating 6.8
2014-06-15 16:11:33,391 INFO  - Added Celebrity with rating 6.3
2014-06-15 16:11:33,391 INFO  - Finished inserting page starting from 4301
2014-06-15 16:11:37,199 INFO  - Added Spud with rating 6.7
2014-06-15 16:11:39,023 INFO  - Added Kapringen with rating 7.2
2014-06-15 16:11:41,332 INFO  - Added Undisputed with rating 6.1
2014-06-15 16:11:43,668 INFO  - Added Night of the Creeps with rating 6.8
2014-06-15 16:11:47,357 INFO  - Added Absolute Power with rating 6.7
2014-06-15 16:11:52,976 INFO  - Added Lean on Me with rating 7.4
2014-06-15 16:11:54,832 INFO  - Added The Disappearance of Alice Creed with rating 6.8
2014-06-15 16:11:59,140 INFO  - Added The Witches of Eastwick with rating 6.5
2014-06-15 16:12:02,731 INFO  - Added S1m0ne with rating 6.1
2014-06-15 16:12:06,998 INFO  - Added Catch-22 with rating 7.2
2014-06-15 16:12:08,798 INFO  - Added Caché with rating 7.3
2014-06-15 16:12:10,881 INFO  - Added Greenberg with rating 6.1
2014-06-15 16:12:12,948 INFO  - Added The Den with rating 6.0
2014-06-15 16:12:16,809 INFO  - Added All Dogs Go to Heaven with rating 6.6
2014-06-15 16:12:18,467 INFO  - Added Lethal Weapon 3 with rating 6.7
2014-06-15 16:12:21,935 INFO  - Added Rise of the Footsoldier with rating 6.9
2014-06-15 16:12:23,726 INFO  - Added The Deep Blue Sea with rating 6.2
2014-06-15 16:12:30,534 INFO  - Added The American President with rating 6.8
2014-06-15 16:12:36,050 INFO  - Added One Eight Seven with rating 6.7
2014-06-15 16:12:41,799 INFO  - Added Starbuck with rating 7.3
2014-06-15 16:12:46,362 INFO  - Added Day of the Dead with rating 7.2
2014-06-15 16:12:49,342 INFO  - Added The Honey Pot with rating 7.0
2014-06-15 16:12:50,997 INFO  - Added Red Dog with rating 7.5
2014-06-15 16:12:54,992 INFO  - Added Body Heat with rating 7.4
2014-06-15 16:12:56,793 INFO  - Added Higher Ground with rating 6.3
2014-06-15 16:12:58,981 INFO  - Added Blood with rating 6.0
2014-06-15 16:13:02,609 INFO  - Added The Andromeda Strain with rating 7.2
2014-06-15 16:13:04,980 INFO  - Added A Simple Plan with rating 7.5
2014-06-15 16:13:06,992 INFO  - Added Anna and the King with rating 6.7
2014-06-15 16:13:12,547 INFO  - Finished inserting page starting from 4351
2014-06-15 16:13:17,442 INFO  - Added Restraint with rating 6.2
2014-06-15 16:13:19,209 INFO  - Added Family Weekend with rating 6.4
2014-06-15 16:13:20,834 INFO  - Added TiMER with rating 6.6
2014-06-15 16:13:25,292 INFO  - Added Shadow of the Vampire with rating 6.9
2014-06-15 16:13:31,330 INFO  - Added Dressed to Kill with rating 7.1
2014-06-15 16:13:33,197 INFO  - Added eXistenZ with rating 6.8
2014-06-15 16:13:34,900 INFO  - Added The Pelican Brief with rating 6.5
2014-06-15 16:13:36,696 INFO  - Added The Labyrinth with rating 8.1
2014-06-15 16:13:40,290 INFO  - Added The Secret of My Succe$s with rating 6.4
2014-06-15 16:13:42,554 INFO  - Added SLC Punk! with rating 7.5
2014-06-15 16:13:45,983 INFO  - Added Kiss of the Dragon with rating 6.6
2014-06-15 16:13:55,021 INFO  - Added Wrong Cops with rating 6.0
2014-06-15 16:13:57,496 INFO  - Added Scanners with rating 6.8
2014-06-15 16:14:06,384 INFO  - Added Shrek the Musical with rating 7.3
2014-06-15 16:14:08,215 INFO  - Added From Here to Eternity with rating 7.8
2014-06-15 16:14:14,370 INFO  - Added Swelter with rating 7.6
2014-06-15 16:14:19,887 INFO  - Added Assassination Games with rating 6.2
2014-06-15 16:14:26,050 INFO  - Added Summer School with rating 6.5
2014-06-15 16:14:27,800 INFO  - Added Real Genius with rating 7.0
2014-06-15 16:14:31,296 INFO  - Added New Jack City with rating 6.5
2014-06-15 16:14:33,595 INFO  - Added Gremlins 2: The New Batch with rating 6.3
2014-06-15 16:14:38,586 INFO  - Added Daydream Nation with rating 6.5
2014-06-15 16:14:41,508 INFO  - Added The Lion in Winter with rating 8.2
2014-06-15 16:14:43,788 INFO  - Added Coffee and Cigarettes with rating 7.0
2014-06-15 16:14:45,787 INFO  - Added Gedo senki with rating 6.5
2014-06-15 16:14:49,553 INFO  - Added U Turn with rating 6.8
2014-06-15 16:14:51,245 INFO  - Finished inserting page starting from 4401
2014-06-15 16:15:02,200 INFO  - Added Friday the 13th Part 2 with rating 6.0
2014-06-15 16:15:08,041 INFO  - Added Defendor with rating 6.9
2014-06-15 16:15:10,120 INFO  - Added In the Mouth of Madness with rating 7.2
2014-06-15 16:15:13,677 INFO  - Added Fire Down Below with rating 6.0
2014-06-15 16:15:15,360 INFO  - Added Pusher with rating 7.4
2014-06-15 16:15:22,629 INFO  - Added El topo with rating 7.5
2014-06-15 16:15:24,877 INFO  - Added Prince of Darkness with rating 6.7
2014-06-15 16:15:26,527 INFO  - Added Coherence with rating 7.7
2014-06-15 16:15:28,432 INFO  - Added Withnail & I with rating 7.9
2014-06-15 16:15:30,415 INFO  - Added The Thomas Crown Affair with rating 7.0
2014-06-15 16:15:34,569 INFO  - Added The Crossing Guard with rating 6.4
2014-06-15 16:15:36,669 INFO  - Added Butterfly on a Wheel with rating 6.7
2014-06-15 16:15:39,386 INFO  - Added Field of Lost Shoes with rating 8.7
2014-06-15 16:15:42,707 INFO  - Added Inhale with rating 6.7
2014-06-15 16:15:44,760 INFO  - Added The Adventures of Buckaroo Banzai Across the 8th Dimension with rating 6.4
2014-06-15 16:15:46,885 INFO  - Added Malèna with rating 7.5
2014-06-15 16:15:48,902 INFO  - Added Bottle Shock with rating 6.8
2014-06-15 16:15:50,944 INFO  - Added The Magdalene Sisters with rating 7.8
2014-06-15 16:15:54,419 INFO  - Added The Turning with rating 6.2
2014-06-15 16:15:56,128 INFO  - Added Transsiberian with rating 6.7
2014-06-15 16:15:58,018 INFO  - Added The Accused with rating 7.1
2014-06-15 16:16:00,460 INFO  - Added The Man Who Knew Too Little with rating 6.6
2014-06-15 16:16:06,668 INFO  - Added After Hours with rating 7.7
2014-06-15 16:16:08,519 INFO  - Added The Informant! with rating 6.5
2014-06-15 16:16:13,918 INFO  - Added Ocean's Eleven with rating 6.6
2014-06-15 16:16:16,718 INFO  - Added The Secret of NIMH with rating 7.6
2014-06-15 16:16:18,818 INFO  - Added All Quiet on the Western Front with rating 8.1
2014-06-15 16:16:27,640 INFO  - Added Transamerica with rating 7.5
2014-06-15 16:16:29,440 INFO  - Added Watership Down with rating 7.7
2014-06-15 16:16:31,669 INFO  - Finished inserting page starting from 4451
2014-06-15 16:16:35,143 INFO  - Added The Last Starfighter with rating 6.7
2014-06-15 16:16:36,943 INFO  - Added L'immortel with rating 6.7
2014-06-15 16:16:38,753 INFO  - Added The River Wild with rating 6.3
2014-06-15 16:16:40,665 INFO  - Added Funny Girl with rating 7.6
2014-06-15 16:16:42,534 INFO  - Added The Messenger with rating 7.2
2014-06-15 16:16:48,670 INFO  - Added An Unfinished Life with rating 7.1
2014-06-15 16:16:50,709 INFO  - Added In & Out with rating 6.3
2014-06-15 16:16:56,924 INFO  - Added Bill & Ted's Bogus Journey with rating 6.1
2014-06-15 16:17:03,383 INFO  - Added Play Misty for Me with rating 7.0
2014-06-15 16:17:08,109 INFO  - Added Mommie Dearest with rating 6.6
2014-06-15 16:17:09,991 INFO  - Added The Pink Panther with rating 7.2
2014-06-15 16:17:19,383 INFO  - Added The Guns of Navarone with rating 7.6
2014-06-15 16:17:21,292 INFO  - Added Less Than Zero with rating 6.3
2014-06-15 16:17:25,567 INFO  - Added Every Which Way But Loose with rating 6.2
2014-06-15 16:17:27,442 INFO  - Added Sphere with rating 6.0
2014-06-15 16:17:29,391 INFO  - Added Kiss Me Kate with rating 7.3
2014-06-15 16:17:33,899 INFO  - Added Out Cold with rating 6.3
2014-06-15 16:17:35,809 INFO  - Added Another Year with rating 7.3
2014-06-15 16:17:43,300 INFO  - Added The First Wives Club with rating 6.1
2014-06-15 16:17:49,765 INFO  - Added My Dinner with Andre with rating 7.7
2014-06-15 16:17:52,299 INFO  - Added The War with rating 6.7
2014-06-15 16:17:54,325 INFO  - Added A Walk in the Clouds with rating 6.6
2014-06-15 16:17:56,358 INFO  - Added Hamburger Hill with rating 6.7
2014-06-15 16:17:58,233 INFO  - Added The Big Sleep with rating 8.1
2014-06-15 16:18:02,599 INFO  - Added Arthur Christmas with rating 7.1
2014-06-15 16:18:05,374 INFO  - Added Gojira with rating 6.1
2014-06-15 16:18:08,911 INFO  - Added Mr. Magorium's Wonder Emporium with rating 6.2
2014-06-15 16:18:13,095 INFO  - Added Casualties of War with rating 7.0
2014-06-15 16:18:15,016 INFO  - Added Unconditional with rating 7.1
2014-06-15 16:18:15,016 INFO  - Finished inserting page starting from 4501
2014-06-15 16:18:23,715 INFO  - Added Just Before I Go with rating 8.6
2014-06-15 16:18:27,340 INFO  - Added Django with rating 7.3
2014-06-15 16:18:29,374 INFO  - Added Cidade dos Homens with rating 7.3
2014-06-15 16:18:35,523 INFO  - Added Comme un chef with rating 6.6
2014-06-15 16:18:42,048 INFO  - Added Colors with rating 6.7
2014-06-15 16:18:44,356 INFO  - Added The Conspiracy with rating 6.3
2014-06-15 16:18:46,174 INFO  - Added Lifeforce with rating 6.1
2014-06-15 16:18:56,015 INFO  - Added La belle et la bête with rating 6.3
2014-06-15 16:18:58,006 INFO  - Added The Secret Life of Walter Mitty with rating 7.2
2014-06-15 16:19:01,406 INFO  - Added The World's Fastest Indian with rating 7.9
2014-06-15 16:19:03,249 INFO  - Added Phenomenon with rating 6.4
2014-06-15 16:19:05,115 INFO  - Added Salomé with rating 7.6
2014-06-15 16:19:08,657 INFO  - Added The Proposition with rating 7.5
2014-06-15 16:19:11,856 INFO  - Added Tyrannosaur with rating 7.6
2014-06-15 16:19:13,615 INFO  - Added The Jackal with rating 6.3
2014-06-15 16:19:15,348 INFO  - Added Stranger Than Paradise with rating 7.6
2014-06-15 16:19:17,206 INFO  - Added In the Heat of the Night with rating 8.0
2014-06-15 16:19:20,715 INFO  - Added What Ever Happened to Baby Jane? with rating 8.1
2014-06-15 16:19:22,457 INFO  - Added Always with rating 6.4
2014-06-15 16:19:24,482 INFO  - Added Bowfinger with rating 6.4
2014-06-15 16:19:28,031 INFO  - Added Touch of Evil with rating 8.2
2014-06-15 16:19:29,923 INFO  - Added The Poseidon Adventure with rating 7.1
2014-06-15 16:19:33,781 INFO  - Added Les rivières pourpres with rating 6.9
2014-06-15 16:19:37,823 INFO  - Added A Late Quartet with rating 7.1
2014-06-15 16:19:39,540 INFO  - Added The Merchant of Venice with rating 7.1
2014-06-15 16:19:42,273 INFO  - Added How to Be a Man with rating 7.1
2014-06-15 16:19:46,122 INFO  - Added The Notorious Bettie Page with rating 6.6
2014-06-15 16:19:48,382 INFO  - Added The Decoy Bride with rating 6.1
2014-06-15 16:19:50,473 INFO  - Added Pete's Dragon with rating 6.3
2014-06-15 16:19:52,747 INFO  - Added Persepolis with rating 8.0
2014-06-15 16:19:52,748 INFO  - Finished inserting page starting from 4551
2014-06-15 16:19:55,781 INFO  - Added Roger Dodger with rating 7.1
2014-06-15 16:20:00,640 INFO  - Added La jaula de oro with rating 7.9
2014-06-15 16:20:03,148 INFO  - Added The Tarnished Angels with rating 7.3
2014-06-15 16:20:04,914 INFO  - Added Crossing Over with rating 6.8
2014-06-15 16:20:06,706 INFO  - Added Romeo Must Die with rating 6.0
2014-06-15 16:20:08,522 INFO  - Added Frequently Asked Questions About Time Travel with rating 7.1
2014-06-15 16:20:13,706 INFO  - Added Not Fade Away with rating 6.0
2014-06-15 16:20:17,964 INFO  - Added Head in the Clouds with rating 6.5
2014-06-15 16:20:21,723 INFO  - Added The Ballad of Jack and Rose with rating 6.8
2014-06-15 16:20:25,680 INFO  - Added The Visitor with rating 7.7
2014-06-15 16:20:29,788 INFO  - Added Cheech and Chong's Next Movie with rating 6.1
2014-06-15 16:20:32,065 INFO  - Added Crazy/Beautiful with rating 6.5
2014-06-15 16:20:35,739 INFO  - Added Clay Pigeons with rating 6.6
2014-06-15 16:20:40,872 INFO  - Added The Victors with rating 7.2
2014-06-15 16:20:44,512 INFO  - Added No God, No Master with rating 6.0
2014-06-15 16:20:48,064 INFO  - Added Tora! Tora! Tora! with rating 7.5
2014-06-15 16:20:49,698 INFO  - Added Nothing to Lose with rating 6.7
2014-06-15 16:20:55,431 INFO  - Added To Live and Die in L.A. with rating 7.2
2014-06-15 16:20:57,789 INFO  - Added The Stag with rating 6.5
2014-06-15 16:21:04,955 INFO  - Added 20000 Leagues Under the Sea with rating 7.2
2014-06-15 16:21:12,087 INFO  - Added Breakdown with rating 6.9
2014-06-15 16:21:17,745 INFO  - Added Stalker with rating 8.2
2014-06-15 16:21:20,088 INFO  - Added The Prince and the Showgirl with rating 6.7
2014-06-15 16:21:24,456 INFO  - Added Blue Caprice with rating 6.1
2014-06-15 16:21:26,854 INFO  - Added Phoebe in Wonderland with rating 7.2
2014-06-15 16:21:29,247 INFO  - Added The Dam Busters with rating 7.4
2014-06-15 16:21:31,063 INFO  - Added Fast Girls with rating 6.2
2014-06-15 16:21:32,928 INFO  - Finished inserting page starting from 4601
2014-06-15 16:21:36,812 INFO  - Added Little Accidents with rating 7.9
2014-06-15 16:21:38,670 INFO  - Added The Ice Storm with rating 7.5
2014-06-15 16:21:42,504 INFO  - Added The Year of Living Dangerously with rating 7.2
2014-06-15 16:21:44,572 INFO  - Added The Producers with rating 7.7
2014-06-15 16:21:48,078 INFO  - Added The Killing with rating 8.1
2014-06-15 16:21:50,013 INFO  - Added The Power of One with rating 7.1
2014-06-15 16:21:52,053 INFO  - Added Dead Man's Shoes with rating 7.8
2014-06-15 16:21:54,178 INFO  - Added Murder in the First with rating 7.3
2014-06-15 16:21:55,938 INFO  - Added Taare Zameen Par with rating 8.6
2014-06-15 16:21:57,689 INFO  - Added Chopper with rating 7.2
2014-06-15 16:21:59,503 INFO  - Added Death Race 2000 with rating 6.2
2014-06-15 16:22:01,322 INFO  - Added Hits with rating 6.8
2014-06-15 16:22:05,570 INFO  - Added uwantme2killhim? with rating 6.2
2014-06-15 16:22:07,305 INFO  - Added Bros Before Hos with rating 6.6
2014-06-15 16:22:09,646 INFO  - Added It Happened One Night with rating 8.3
2014-06-15 16:22:15,686 INFO  - Added The Missing with rating 6.5
2014-06-15 16:22:18,214 INFO  - Added Fame with rating 6.5
2014-06-15 16:22:24,719 INFO  - Added The Stoning of Soraya M. with rating 8.0
2014-06-15 16:22:26,644 INFO  - Added The Last House on the Left with rating 6.0
2014-06-15 16:22:33,347 INFO  - Added Bye Bye Birdie with rating 6.6
2014-06-15 16:22:35,078 INFO  - Added El cuerpo with rating 7.3
2014-06-15 16:22:37,461 INFO  - Added Dog Soldiers with rating 6.9
2014-06-15 16:22:41,721 INFO  - Added The Angels' Share with rating 7.0
2014-06-15 16:22:45,485 INFO  - Added The Great Raid with rating 6.7
2014-06-15 16:22:48,177 INFO  - Added Jayne Mansfield's Car with rating 6.3
2014-06-15 16:22:55,513 INFO  - Added Cherrybomb with rating 6.1
2014-06-15 16:22:57,546 INFO  - Added The Devil's Playground with rating 6.9
2014-06-15 16:22:59,393 INFO  - Added December Boys with rating 6.7
2014-06-15 16:23:08,010 INFO  - Added Notorious with rating 8.1
2014-06-15 16:23:13,193 INFO  - Added The Hudsucker Proxy with rating 7.3
2014-06-15 16:23:15,544 INFO  - Finished inserting page starting from 4651
2014-06-15 16:23:22,001 INFO  - Added The Lucky Ones with rating 7.0
2014-06-15 16:23:25,913 INFO  - Added The Treasure of the Sierra Madre with rating 8.4
2014-06-15 16:23:30,346 INFO  - Added Camp Takota with rating 7.2
2014-06-15 16:23:33,701 INFO  - Added Edtv with rating 6.1
2014-06-15 16:23:35,426 INFO  - Added The Signal with rating 6.1
2014-06-15 16:23:39,317 INFO  - Added Zulu with rating 7.8
2014-06-15 16:23:42,813 INFO  - Added Destination Moon with rating 6.4
2014-06-15 16:23:44,435 INFO  - Added The Italian Job with rating 7.4
2014-06-15 16:23:46,809 INFO  - Added Get Low with rating 7.1
2014-06-15 16:23:48,562 INFO  - Added Born Yesterday with rating 7.7
2014-06-15 16:23:50,559 INFO  - Added Coming Home with rating 7.4
2014-06-15 16:23:53,304 INFO  - Added No Way Out with rating 7.1
2014-06-15 16:23:59,520 INFO  - Added Traitor with rating 7.0
2014-06-15 16:24:01,934 INFO  - Added Saints and Soldiers with rating 6.9
2014-06-15 16:24:11,125 INFO  - Added The Return of the Living Dead with rating 7.3
2014-06-15 16:24:18,151 INFO  - Added The Rise with rating 6.5
2014-06-15 16:24:22,445 INFO  - Added The Dead Zone with rating 7.3
2014-06-15 16:24:26,342 INFO  - Added Novecento with rating 7.8
2014-06-15 16:24:35,925 INFO  - Added The Poker House with rating 6.6
2014-06-15 16:24:40,370 INFO  - Added Wonderland with rating 6.6
2014-06-15 16:24:46,595 INFO  - Added The Bounty with rating 7.0
2014-06-15 16:24:52,520 INFO  - Added Krull with rating 6.0
2014-06-15 16:24:56,020 INFO  - Added Ghost Dog: The Way of the Samurai with rating 7.6
2014-06-15 16:24:57,833 INFO  - Added Let's Go to Prison with rating 6.0
2014-06-15 16:24:57,833 INFO  - Finished inserting page starting from 4701
2014-06-15 16:25:01,158 INFO  - Added Kill the Irishman with rating 7.2
2014-06-15 16:25:04,907 INFO  - Added Man cheng jin dai huang jin jia with rating 7.0
2014-06-15 16:25:06,732 INFO  - Added Being Flynn with rating 6.4
2014-06-15 16:25:10,225 INFO  - Added Balto with rating 7.0
2014-06-15 16:25:12,091 INFO  - Added Quest for Camelot with rating 6.1
2014-06-15 16:25:15,736 INFO  - Added The Secret of Kells with rating 7.6
2014-06-15 16:25:18,141 INFO  - Added Los ojos de Julia with rating 6.6
2014-06-15 16:25:20,199 INFO  - Added McLintock! with rating 7.3
2014-06-15 16:25:24,090 INFO  - Added Restless with rating 6.8
2014-06-15 16:25:29,983 INFO  - Added Biohazard: Damnation with rating 6.5
2014-06-15 16:25:35,888 INFO  - Added Madeo with rating 7.8
2014-06-15 16:25:40,582 INFO  - Added Los insólitos peces gato with rating 7.3
2014-06-15 16:25:51,026 INFO  - Added The Cook, the Thief, His Wife & Her Lover with rating 7.5
2014-06-15 16:25:52,807 INFO  - Added Huo Yuanjia with rating 7.7
2014-06-15 16:25:55,915 INFO  - Added Keep Your Powder Dry with rating 6.3
2014-06-15 16:26:03,649 INFO  - Added The African Queen with rating 8.0
2014-06-15 16:26:13,173 INFO  - Added Get Shorty with rating 6.9
2014-06-15 16:26:15,252 INFO  - Added The Sentinel with rating 6.1
2014-06-15 16:26:17,581 INFO  - Added Tideland with rating 6.6
2014-06-15 16:26:23,898 INFO  - Added Ladyhawke with rating 7.0
2014-06-15 16:26:26,185 INFO  - Added The Killing Fields with rating 7.9
2014-06-15 16:26:28,169 INFO  - Added Fido with rating 6.8
2014-06-15 16:26:30,175 INFO  - Added Ordinary Decent Criminal with rating 6.4
2014-06-15 16:26:36,026 INFO  - Added Dracula with rating 7.7
2014-06-15 16:26:38,302 INFO  - Added The Weather Man with rating 6.7
2014-06-15 16:26:40,548 INFO  - Added Walking Tall with rating 6.9
2014-06-15 16:26:40,548 INFO  - Finished inserting page starting from 4751
2014-06-15 16:26:43,906 INFO  - Added Mother and Child with rating 7.3
2014-06-15 16:26:50,092 INFO  - Added Pumpkin with rating 6.3
2014-06-15 16:26:52,513 INFO  - Added Snowtown with rating 6.6
2014-06-15 16:26:58,694 INFO  - Added Dreamer: Inspired by a True Story with rating 6.9
2014-06-15 16:27:07,397 INFO  - Added I Could Never Be Your Woman with rating 6.1
2014-06-15 16:27:09,880 INFO  - Added 10 Items or Less with rating 6.7
2014-06-15 16:27:11,705 INFO  - Added The Secret of Moonacre with rating 6.1
2014-06-15 16:27:13,589 INFO  - Added Henry & June with rating 6.4
2014-06-15 16:27:15,407 INFO  - Added Trois couleurs: Bleu with rating 8.0
2014-06-15 16:27:17,347 INFO  - Added Año bisiesto with rating 6.1
2014-06-15 16:27:20,805 INFO  - Added Jing cha gu shi 2013 with rating 6.2
2014-06-15 16:27:24,202 INFO  - Added The Remains of the Day with rating 7.9
2014-06-15 16:27:26,601 INFO  - Added *batteries not included with rating 6.4
2014-06-15 16:27:30,460 INFO  - Added The Blob with rating 6.3
2014-06-15 16:27:33,740 INFO  - Added The Lord of the Rings with rating 6.1
2014-06-15 16:27:35,430 INFO  - Added Jesus Christ Superstar with rating 7.3
2014-06-15 16:27:42,396 INFO  - Added The Woman with rating 6.1
2014-06-15 16:27:44,571 INFO  - Added Albatross with rating 6.3
2014-06-15 16:27:47,112 INFO  - Added Basquiat with rating 6.9
2014-06-15 16:27:49,113 INFO  - Added Where the Truth Lies with rating 6.6
2014-06-15 16:27:51,180 INFO  - Added Gentlemen Broncos with rating 6.1
2014-06-15 16:27:53,779 INFO  - Added Suspiria with rating 7.5
2014-06-15 16:28:03,945 INFO  - Added Nixon with rating 7.1
2014-06-15 16:28:05,804 INFO  - Added Starman with rating 7.0
2014-06-15 16:28:07,673 INFO  - Added The Railway Children with rating 7.4
2014-06-15 16:28:09,971 INFO  - Added The Odd Couple with rating 7.7
2014-06-15 16:28:11,796 INFO  - Added The Savages with rating 7.2
2014-06-15 16:28:13,670 INFO  - Added The Great Mouse Detective with rating 7.2
2014-06-15 16:28:21,320 INFO  - Added The Hunted with rating 6.0
2014-06-15 16:28:21,320 INFO  - Finished inserting page starting from 4801
2014-06-15 16:28:28,170 INFO  - Added Shine with rating 7.7
2014-06-15 16:28:32,770 INFO  - Added Just Looking with rating 6.7
2014-06-15 16:28:34,503 INFO  - Added The Hand That Rocks the Cradle with rating 6.5
2014-06-15 16:28:36,203 INFO  - Added Mean Machine with rating 6.5
2014-06-15 16:28:40,364 INFO  - Added The Prophecy with rating 6.6
2014-06-15 16:28:43,645 INFO  - Added Quiz Show with rating 7.5
2014-06-15 16:28:49,286 INFO  - Added XX/XY with rating 6.0
2014-06-15 16:28:54,244 INFO  - Added All the King's Men with rating 6.2
2014-06-15 16:28:58,420 INFO  - Added 24 Hour Party People with rating 7.4
2014-06-15 16:29:04,761 INFO  - Added La leggenda del pianista sull'oceano with rating 8.1
2014-06-15 16:29:06,503 INFO  - Added Reservation Road with rating 6.7
2014-06-15 16:29:08,553 INFO  - Added Mr. Smith Goes to Washington with rating 8.3
2014-06-15 16:29:14,058 INFO  - Added The General's Daughter with rating 6.2
2014-06-15 16:29:16,328 INFO  - Added Black Gold with rating 6.7
2014-06-15 16:29:18,761 INFO  - Added Nosferatu: Phantom der Nacht with rating 7.6
2014-06-15 16:29:20,528 INFO  - Added Whale Rider with rating 7.7
2014-06-15 16:29:22,519 INFO  - Added Bug with rating 6.0
2014-06-15 16:29:24,286 INFO  - Added Hannah and Her Sisters with rating 8.0
2014-06-15 16:29:26,261 INFO  - Added Chaos Theory with rating 6.8
2014-06-15 16:29:28,635 INFO  - Added Jimmy Neutron: Boy Genius with rating 6.0
2014-06-15 16:29:30,794 INFO  - Added Rogue with rating 6.3
2014-06-15 16:29:33,403 INFO  - Added The Buddy Holly Story with rating 7.2
2014-06-15 16:29:35,090 INFO  - Added Somewhere in Time with rating 7.3
2014-06-15 16:29:37,444 INFO  - Added An American Tail with rating 6.9
2014-06-15 16:29:41,324 INFO  - Added Fainaru Fantajî Sebun Adobento Chirudoren with rating 7.4
2014-06-15 16:29:43,477 INFO  - Added Convoy with rating 6.2
2014-06-15 16:29:45,569 INFO  - Added The Last Temptation of Christ with rating 7.6
2014-06-15 16:29:48,152 INFO  - Added On a Clear Day with rating 7.0
2014-06-15 16:29:52,336 INFO  - Added The Big Red One with rating 7.3
2014-06-15 16:29:57,069 INFO  - Added Dave with rating 6.8
2014-06-15 16:30:00,735 INFO  - Added Center Stage: Turn It Up with rating 6.2
2014-06-15 16:30:03,144 INFO  - Finished inserting page starting from 4851
2014-06-15 16:30:06,193 INFO  - Added Set It Off with rating 6.7
2014-06-15 16:30:11,735 INFO  - Added The Kid with rating 6.0
2014-06-15 16:30:24,793 INFO  - Added Michael Collins with rating 7.1
2014-06-15 16:30:26,493 INFO  - Added Leatherheads with rating 6.0
2014-06-15 16:30:30,560 INFO  - Added Alex of Venice with rating 7.5
2014-06-15 16:30:35,684 INFO  - Added I Can't Think Straight with rating 6.7
2014-06-15 16:30:37,717 INFO  - Added Stalag 17 with rating 8.1
2014-06-15 16:30:42,143 INFO  - Added The Swan Princess with rating 6.4
2014-06-15 16:30:44,026 INFO  - Added Death Wish with rating 7.0
2014-06-15 16:30:46,151 INFO  - Added You Instead with rating 6.5
2014-06-15 16:30:53,742 INFO  - Added Hors de prix with rating 7.1
2014-06-15 16:31:06,012 INFO  - Added The 51st State with rating 6.3
2014-06-15 16:31:08,225 INFO  - Added Möbius with rating 6.1
2014-06-15 16:31:15,759 INFO  - Added Sap ji sang ciu with rating 6.3
2014-06-15 16:31:17,588 INFO  - Added The Tunnel with rating 6.0
2014-06-15 16:31:21,742 INFO  - Added Shane with rating 7.7
2014-06-15 16:31:24,083 INFO  - Added Prime with rating 6.3
2014-06-15 16:31:25,783 INFO  - Added Greetings from Tim Buckley with rating 6.1
2014-06-15 16:31:31,083 INFO  - Added Westworld with rating 7.1
2014-06-15 16:31:34,801 INFO  - Added Taxi with rating 6.9
2014-06-15 16:31:36,451 INFO  - Added Victim with rating 6.8
2014-06-15 16:31:38,975 INFO  - Added The Express with rating 7.3
2014-06-15 16:31:41,317 INFO  - Added Evita with rating 6.3
2014-06-15 16:31:41,317 INFO  - Finished inserting page starting from 4901
2014-06-15 16:31:57,816 INFO  - Added Beavis and Butt-Head Do America with rating 6.7
2014-06-15 16:31:59,625 INFO  - Added Tiny Furniture with rating 6.3
2014-06-15 16:32:01,541 INFO  - Added Wish You Were Here with rating 6.0
2014-06-15 16:32:03,749 INFO  - Added The Brave One with rating 6.8
2014-06-15 16:32:05,491 INFO  - Added J'ai tué ma mère with rating 7.4
2014-06-15 16:32:07,316 INFO  - Added Leaves of Grass with rating 6.5
2014-06-15 16:32:11,484 INFO  - Added Black Rain with rating 6.6
2014-06-15 16:32:15,038 INFO  - Added So I Married an Axe Murderer with rating 6.4
2014-06-15 16:32:18,600 INFO  - Added Honour with rating 6.0
2014-06-15 16:32:23,313 INFO  - Added Prefontaine with rating 6.7
2014-06-15 16:32:25,908 INFO  - Added Dead Man on Campus with rating 6.0
2014-06-15 16:32:28,158 INFO  - Added Buffalo '66 with rating 7.5
2014-06-15 16:32:32,600 INFO  - Added Peacock with rating 6.2
2014-06-15 16:32:38,790 INFO  - Added Bakjwi with rating 7.2
2014-06-15 16:32:45,389 INFO  - Added Be Kind Rewind with rating 6.4
2014-06-15 16:32:47,158 INFO  - Added Les garçons et Guillaume, à table! with rating 6.7
2014-06-15 16:32:49,531 INFO  - Added L'illusionniste with rating 7.5
2014-06-15 16:32:53,665 INFO  - Added Copycat with rating 6.5
2014-06-15 16:33:02,358 INFO  - Added Before Night Falls with rating 7.3
2014-06-15 16:33:04,066 INFO  - Added United with rating 7.5
2014-06-15 16:33:08,173 INFO  - Added Salinui chueok with rating 8.1
2014-06-15 16:33:17,864 INFO  - Added Sea of Love with rating 6.8
2014-06-15 16:33:24,150 INFO  - Finished inserting page starting from 4951
2014-06-15 16:33:29,482 INFO  - Added Wolf with rating 6.1
2014-06-15 16:33:31,232 INFO  - Added Don't Look Now with rating 7.4
2014-06-15 16:33:36,522 INFO  - Added Seven Brides for Seven Brothers with rating 7.4
2014-06-15 16:33:40,441 INFO  - Added Les petits mouchoirs with rating 7.2
2014-06-15 16:33:43,775 INFO  - Added Highway with rating 7.8
2014-06-15 16:33:50,822 INFO  - Added An Affair to Remember with rating 7.6
2014-06-15 16:33:59,689 INFO  - Added Eraser with rating 6.0
2014-06-15 16:34:01,572 INFO  - Added The Four Feathers with rating 6.5
2014-06-15 16:34:03,898 INFO  - Added Streets of Fire with rating 6.7
2014-06-15 16:34:07,472 INFO  - Added Days of Heaven with rating 8.0
2014-06-15 16:34:12,872 INFO  - Added Evening with rating 6.6
2014-06-15 16:34:14,805 INFO  - Added Jeremiah Johnson with rating 7.6
2014-06-15 16:34:17,090 INFO  - Added October Baby with rating 6.7
2014-06-15 16:34:20,881 INFO  - Added Yours, Mine and Ours with rating 7.1
2014-06-15 16:34:22,688 INFO  - Added Ernest et Célestine with rating 7.9
2014-06-15 16:34:26,765 INFO  - Added Altered States with rating 6.9
2014-06-15 16:34:28,856 INFO  - Added Where the Buffalo Roam with rating 6.7
2014-06-15 16:34:34,447 INFO  - Added Sex and Death 101 with rating 6.1
2014-06-15 16:34:38,163 INFO  - Added The King and I with rating 7.5
2014-06-15 16:34:47,023 INFO  - Added That's What I Am with rating 7.0
2014-06-15 16:34:51,238 INFO  - Added Terra with rating 6.7
2014-06-15 16:34:53,623 INFO  - Added The Champ with rating 6.7
2014-06-15 16:34:58,073 INFO  - Added In Her Skin with rating 6.5
2014-06-15 16:34:59,956 INFO  - Added The Inevitable Defeat of Mister & Pete with rating 7.3
2014-06-15 16:35:02,379 INFO  - Added Killer Klowns from Outer Space with rating 6.1
2014-06-15 16:35:04,295 INFO  - Added Love Is Strange with rating 7.1
2014-06-15 16:35:06,055 INFO  - Finished inserting page starting from 5001
2014-06-15 16:35:09,354 INFO  - Added The Bang Bang Club with rating 7.0
2014-06-15 16:35:14,929 INFO  - Added Ondine with rating 6.8
2014-06-15 16:35:16,653 INFO  - Added Total Eclipse with rating 6.5
2014-06-15 16:35:18,837 INFO  - Added Last Man Standing with rating 6.4
2014-06-15 16:35:22,479 INFO  - Added Serial Mom with rating 6.6
2014-06-15 16:35:28,320 INFO  - Added School Ties with rating 6.9
2014-06-15 16:35:34,587 INFO  - Added The Damned United with rating 7.6
2014-06-15 16:35:38,778 INFO  - Added Paid in Full with rating 7.0
2014-06-15 16:35:40,745 INFO  - Added Guys and Dolls with rating 7.3
2014-06-15 16:35:43,664 INFO  - Added Panic in Year Zero! with rating 6.7
2014-06-15 16:35:48,164 INFO  - Added May with rating 6.8
2014-06-15 16:35:49,939 INFO  - Added The Other Sister with rating 6.4
2014-06-15 16:35:51,961 INFO  - Added In the Bedroom with rating 7.5
2014-06-15 16:35:54,255 INFO  - Added The Children with rating 6.0
2014-06-15 16:35:57,990 INFO  - Added Like Someone in Love with rating 6.8
2014-06-15 16:36:07,619 INFO  - Added Antitrust with rating 6.1
2014-06-15 16:36:11,985 INFO  - Added Welcome to the Dollhouse with rating 7.5
2014-06-15 16:36:14,197 INFO  - Added Presumed Innocent with rating 6.9
2014-06-15 16:36:19,953 INFO  - Added The Nines with rating 6.5
2014-06-15 16:36:21,931 INFO  - Added Anything Else with rating 6.4
2014-06-15 16:36:35,864 INFO  - Added 2 Days in the Valley with rating 6.5
2014-06-15 16:36:40,019 INFO  - Added Mammoth with rating 6.9
2014-06-15 16:36:42,013 INFO  - Added Gojira: Fainaru uôzu with rating 6.6
2014-06-15 16:36:44,485 INFO  - Added Laurel Canyon with rating 6.5
2014-06-15 16:36:46,810 INFO  - Added Haunted with rating 6.3
2014-06-15 16:36:49,127 INFO  - Added The Maiden Heist with rating 6.1
2014-06-15 16:36:49,127 INFO  - Finished inserting page starting from 5051
2014-06-15 16:36:53,080 INFO  - Added Heart and Souls with rating 6.8
2014-06-15 16:37:00,280 INFO  - Added Nochnoy dozor with rating 6.5
2014-06-15 16:37:02,018 INFO  - Added Talaash with rating 7.4
2014-06-15 16:37:04,168 INFO  - Added Human Traffic with rating 7.0
2014-06-15 16:37:06,101 INFO  - Added Kraftidioten with rating 7.9
2014-06-15 16:37:10,355 INFO  - Added The Wood with rating 6.8
2014-06-15 16:37:12,152 INFO  - Added Thumbsucker with rating 6.7
2014-06-15 16:37:18,235 INFO  - Added Peyton Place with rating 7.3
2014-06-15 16:37:24,877 INFO  - Added The Anderson Tapes with rating 6.4
2014-06-15 16:37:32,669 INFO  - Added Todo sobre mi madre with rating 7.9
2014-06-15 16:37:38,704 INFO  - Added Purple Rain with rating 6.3
2014-06-15 16:37:40,534 INFO  - Added Les aventures extraordinaires d'Adèle Blanc-Sec with rating 6.2
2014-06-15 16:37:44,486 INFO  - Added Ils with rating 6.5
2014-06-15 16:37:46,351 INFO  - Added Sudden Impact with rating 6.6
2014-06-15 16:37:48,201 INFO  - Added Three Days of the Condor with rating 7.5
2014-06-15 16:37:50,329 INFO  - Added Trapped with rating 6.2
2014-06-15 16:37:52,777 INFO  - Added Kalifornia with rating 6.7
2014-06-15 16:37:54,576 INFO  - Added Magnum Force with rating 7.2
2014-06-15 16:38:00,101 INFO  - Added The Kid with rating 8.4
2014-06-15 16:38:03,726 INFO  - Added Cedar Rapids with rating 6.3
2014-06-15 16:38:05,621 INFO  - Added The Alamo with rating 6.0
2014-06-15 16:38:07,609 INFO  - Added Shallow Grave with rating 7.4
2014-06-15 16:38:09,875 INFO  - Added The War of the Roses with rating 6.8
2014-06-15 16:38:15,558 INFO  - Added Blown Away with rating 6.1
2014-06-15 16:38:19,103 INFO  - Added Cronos with rating 6.8
2014-06-15 16:38:27,646 INFO  - Added Invasion of the Body Snatchers with rating 7.4
2014-06-15 16:38:29,917 INFO  - Finished inserting page starting from 5101
2014-06-15 16:38:37,234 INFO  - Added Angela's Ashes with rating 7.3
2014-06-15 16:38:39,067 INFO  - Added 50 to 1 with rating 7.8
2014-06-15 16:38:47,674 INFO  - Added Lonely Hearts with rating 6.5
2014-06-15 16:38:49,433 INFO  - Added Thérèse Desqueyroux with rating 6.1
2014-06-15 16:38:54,737 INFO  - Added Café de Flore with rating 7.4
2014-06-15 16:38:57,004 INFO  - Added I Melt with You with rating 6.0
2014-06-15 16:38:59,341 INFO  - Added Nell with rating 6.5
2014-06-15 16:39:05,723 INFO  - Added Rollerball with rating 6.6
2014-06-15 16:39:09,866 INFO  - Added Everyone Says I Love You with rating 6.8
2014-06-15 16:39:12,179 INFO  - Added Devil in a Blue Dress with rating 6.7
2014-06-15 16:39:20,249 INFO  - Added Dragonslayer with rating 6.7
2014-06-15 16:39:22,516 INFO  - Added No Time for Comedy with rating 6.4
2014-06-15 16:39:27,766 INFO  - Added Cactus Flower with rating 7.2
2014-06-15 16:39:32,849 INFO  - Added 2 Days in New York with rating 6.0
2014-06-15 16:39:37,011 INFO  - Added Stir Crazy with rating 6.8
2014-06-15 16:39:41,706 INFO  - Added Gregory's Girl with rating 7.1
2014-06-15 16:39:43,640 INFO  - Added Murder on the Orient Express with rating 7.3
2014-06-15 16:39:47,390 INFO  - Added The Greatest with rating 6.7
2014-06-15 16:39:57,612 INFO  - Added Hard Target with rating 6.0
2014-06-15 16:40:11,223 INFO  - Added À bout portant with rating 6.9
2014-06-15 16:40:15,198 INFO  - Added Doonby with rating 6.1
2014-06-15 16:40:15,198 INFO  - Finished inserting page starting from 5151
2014-06-15 16:40:20,278 INFO  - Added Como agua para chocolate with rating 7.3
2014-06-15 16:40:24,240 INFO  - Added Flicka with rating 6.1
2014-06-15 16:40:30,419 INFO  - Added The Vicious Kind with rating 7.1
2014-06-15 16:40:32,097 INFO  - Added Bad Lieutenant with rating 7.1
2014-06-15 16:40:37,811 INFO  - Added Lore with rating 7.1
2014-06-15 16:40:39,989 INFO  - Added House Party with rating 6.2
2014-06-15 16:40:44,164 INFO  - Added Song One with rating 8.3
2014-06-15 16:40:53,657 INFO  - Added Barney's Version with rating 7.3
2014-06-15 16:40:57,822 INFO  - Added The War of the Worlds with rating 7.1
2014-06-15 16:40:59,714 INFO  - Added My Bloody Valentine with rating 6.1
2014-06-15 16:41:01,822 INFO  - Added Don't Say a Word with rating 6.3
2014-06-15 16:41:03,680 INFO  - Added Greedy with rating 6.2
2014-06-15 16:41:05,669 INFO  - Added The Final Countdown with rating 6.7
2014-06-15 16:41:07,713 INFO  - Added The Limits of Control with rating 6.2
2014-06-15 16:41:09,755 INFO  - Added How the West Was Won with rating 7.1
2014-06-15 16:41:13,672 INFO  - Added Gods and Generals with rating 6.3
2014-06-15 16:41:15,940 INFO  - Added Starlet with rating 6.7
2014-06-15 16:41:22,534 INFO  - Added Possession with rating 6.4
2014-06-15 16:41:26,388 INFO  - Added Joheunnom nabbeunnom isanghannom with rating 7.3
2014-06-15 16:41:34,080 INFO  - Added Return to Paradise with rating 6.9
2014-06-15 16:41:35,796 INFO  - Added Hoosiers with rating 7.6
2014-06-15 16:41:37,455 INFO  - Added Paper Moon with rating 8.2
2014-06-15 16:41:39,271 INFO  - Added Having You with rating 6.3
2014-06-15 16:41:43,196 INFO  - Added Gallipoli with rating 7.5
2014-06-15 16:41:46,930 INFO  - Added Dnevnoy dozor with rating 6.6
2014-06-15 16:41:48,746 INFO  - Added Cape Fear with rating 7.8
2014-06-15 16:41:51,404 INFO  - Added The Muppets Take Manhattan with rating 6.9
2014-06-15 16:41:55,054 INFO  - Added Persuasion with rating 7.7
2014-06-15 16:41:56,971 INFO  - Added Touchback with rating 6.5
2014-06-15 16:41:56,971 INFO  - Finished inserting page starting from 5201
2014-06-15 16:42:01,162 INFO  - Added The Football Factory with rating 6.9
2014-06-15 16:42:03,587 INFO  - Added Narc with rating 7.3
2014-06-15 16:42:07,829 INFO  - Added Ca$h with rating 6.1
2014-06-15 16:42:15,954 INFO  - Added The Philadelphia Story with rating 8.1
2014-06-15 16:42:18,154 INFO  - Added Zombeavers with rating 7.2
2014-06-15 16:42:26,004 INFO  - Added MirrorMask with rating 7.0
2014-06-15 16:42:31,462 INFO  - Added Naked Gun 33 1/3: The Final Insult with rating 6.4
2014-06-15 16:42:35,145 INFO  - Added Dick with rating 6.2
2014-06-15 16:42:42,287 INFO  - Added The Diary of Anne Frank with rating 7.5
2014-06-15 16:42:44,487 INFO  - Added A Field in England with rating 6.2
2014-06-15 16:42:46,778 INFO  - Added Flawless with rating 6.8
2014-06-15 16:42:48,578 INFO  - Added Severance with rating 6.6
2014-06-15 16:42:50,604 INFO  - Added Marvin's Room with rating 6.7
2014-06-15 16:42:52,744 INFO  - Added Behind the Mask: The Rise of Leslie Vernon with rating 6.8
2014-06-15 16:42:56,637 INFO  - Added We'll Never Have Paris with rating 8.4
2014-06-15 16:43:03,056 INFO  - Added Fletch with rating 6.9
2014-06-15 16:43:06,836 INFO  - Added Bugsy Malone with rating 6.8
2014-06-15 16:43:08,661 INFO  - Added Fast Food Nation with rating 6.3
2014-06-15 16:43:14,986 INFO  - Added Love and Other Disasters with rating 6.3
2014-06-15 16:43:19,048 INFO  - Added The Sure Thing with rating 7.0
2014-06-15 16:43:21,453 INFO  - Added La mala educación with rating 7.5
2014-06-15 16:43:23,494 INFO  - Added A Fighting Man with rating 6.1
2014-06-15 16:43:25,136 INFO  - Added Metro Manila with rating 7.5
2014-06-15 16:43:30,139 INFO  - Added Princesse Tam-Tam with rating 6.4
2014-06-15 16:43:36,502 INFO  - Added Wonder Boys with rating 7.4
2014-06-15 16:43:41,252 INFO  - Added The Other End of the Line with rating 6.3
2014-06-15 16:43:41,252 INFO  - Finished inserting page starting from 5251
2014-06-15 16:43:46,627 INFO  - Added Honeymoon with rating 7.7
2014-06-15 16:43:48,460 INFO  - Added Murder by Death with rating 7.5
2014-06-15 16:43:50,392 INFO  - Added Silent Running with rating 6.8
2014-06-15 16:43:52,086 INFO  - Added Wu xia with rating 7.1
2014-06-15 16:43:58,560 INFO  - Added Casino Jack with rating 6.2
2014-06-15 16:44:07,960 INFO  - Added Loosies with rating 6.2
2014-06-15 16:44:10,410 INFO  - Added Jane Eyre with rating 6.8
2014-06-15 16:44:14,100 INFO  - Added The Manchurian Candidate with rating 8.1
2014-06-15 16:44:19,143 INFO  - Added Foul Play with rating 6.8
2014-06-15 16:44:21,401 INFO  - Added On Golden Pond with rating 7.7
2014-06-15 16:44:25,177 INFO  - Added She's the One with rating 6.1
2014-06-15 16:44:27,543 INFO  - Added Cassandra's Dream with rating 6.8
2014-06-15 16:44:30,926 INFO  - Added The Man Who Knew Too Much with rating 7.5
2014-06-15 16:44:35,326 INFO  - Added The Music Man with rating 7.7
2014-06-15 16:44:39,551 INFO  - Added The Giant Mechanical Man with rating 6.7
2014-06-15 16:44:45,626 INFO  - Added Pozitia copilului with rating 7.6
2014-06-15 16:44:48,110 INFO  - Added Thunderheart with rating 6.8
2014-06-15 16:44:56,100 INFO  - Added A Walk on the Moon with rating 6.6
2014-06-15 16:44:59,985 INFO  - Added The Many Adventures of Winnie the Pooh with rating 7.6
2014-06-15 16:45:02,210 INFO  - Added Hausu with rating 7.3
2014-06-15 16:45:04,617 INFO  - Added Creature from the Black Lagoon with rating 7.0
2014-06-15 16:45:06,500 INFO  - Added The Changeling with rating 7.3
2014-06-15 16:45:08,609 INFO  - Added All That Jazz with rating 7.8
2014-06-15 16:45:10,992 INFO  - Added Space Battleship Yamato with rating 6.1
2014-06-15 16:45:12,783 INFO  - Added Instinct with rating 6.5
2014-06-15 16:45:18,592 INFO  - Added Critters with rating 6.0
2014-06-15 16:45:20,709 INFO  - Added Jauja with rating 7.0
2014-06-15 16:45:24,658 INFO  - Added Psycho II with rating 6.4
2014-06-15 16:45:27,318 INFO  - Added Ikiru with rating 8.4
2014-06-15 16:45:27,318 INFO  - Finished inserting page starting from 5301
2014-06-15 16:45:30,808 INFO  - Added Tesis with rating 7.5
2014-06-15 16:45:32,608 INFO  - Added Kurenai no buta with rating 7.8
2014-06-15 16:45:36,171 INFO  - Added Jing wu men with rating 7.4
2014-06-15 16:45:40,125 INFO  - Added Zindagi Na Milegi Dobara with rating 8.1
2014-06-15 16:45:48,796 INFO  - Added Shanghai with rating 6.5
2014-06-15 16:45:51,317 INFO  - Added Snow White: A Tale of Terror with rating 6.3
2014-06-15 16:45:57,533 INFO  - Added Nine to Five with rating 6.6
2014-06-15 16:46:00,816 INFO  - Added Easy Virtue with rating 6.7
2014-06-15 16:46:04,343 INFO  - Added The Santa Clause with rating 6.3
2014-06-15 16:46:06,865 INFO  - Added Strictly Ballroom with rating 7.3
2014-06-15 16:46:08,682 INFO  - Added Extraordinary Measures with rating 6.5
2014-06-15 16:46:15,149 INFO  - Added How to Succeed in Business Without Really Trying with rating 7.3
2014-06-15 16:46:20,649 INFO  - Added Populaire with rating 6.9
2014-06-15 16:46:29,666 INFO  - Added North Dallas Forty with rating 7.0
2014-06-15 16:46:31,466 INFO  - Added For Love of the Game with rating 6.5
2014-06-15 16:46:33,749 INFO  - Added Only You with rating 6.4
2014-06-15 16:46:37,249 INFO  - Added The Naked Gun 2½: The Smell of Fear with rating 6.8
2014-06-15 16:46:41,183 INFO  - Added The Principal with rating 6.1
2014-06-15 16:46:45,532 INFO  - Added Gun Glory with rating 6.1
2014-06-15 16:46:49,482 INFO  - Added Crimes and Misdemeanors with rating 8.0
2014-06-15 16:46:51,850 INFO  - Added Camp with rating 6.4
2014-06-15 16:46:55,523 INFO  - Added The Castle with rating 7.8
2014-06-15 16:46:57,756 INFO  - Added In the Electric Mist with rating 6.1
2014-06-15 16:47:00,182 INFO  - Added Proof of Life with rating 6.2
2014-06-15 16:47:02,550 INFO  - Added North Shore with rating 6.4
2014-06-15 16:47:04,715 INFO  - Added Hollow with rating 6.4
2014-06-15 16:47:06,415 INFO  - Added Keeping Mum with rating 6.9
2014-06-15 16:47:08,973 INFO  - Added The Toxic Avenger with rating 6.2
2014-06-15 16:47:08,973 INFO  - Finished inserting page starting from 5351
2014-06-15 16:47:15,747 INFO  - Added The Longest Yard with rating 7.1
2014-06-15 16:47:20,057 INFO  - Added Escape from the Planet of the Apes with rating 6.2
2014-06-15 16:47:21,941 INFO  - Added Breakfast on Pluto with rating 7.3
2014-06-15 16:47:27,581 INFO  - Added Death to Smoochy with rating 6.4
2014-06-15 16:47:29,416 INFO  - Added Used Cars with rating 6.8
2014-06-15 16:47:31,484 INFO  - Added Scrooged with rating 7.0
2014-06-15 16:47:33,322 INFO  - Added Heli with rating 6.9
2014-06-15 16:47:35,615 INFO  - Added Bandslam with rating 6.4
2014-06-15 16:47:38,205 INFO  - Added Godzilla, King of the Monsters! with rating 6.7
2014-06-15 16:47:41,764 INFO  - Added The Final Cut with rating 6.2
2014-06-15 16:47:46,691 INFO  - Added Lock Up with rating 6.3
2014-06-15 16:47:48,497 INFO  - Added Girltrash: All Night Long with rating 6.2
2014-06-15 16:47:55,041 INFO  - Added Les beaux jours with rating 6.2
2014-06-15 16:47:56,831 INFO  - Added Unknown with rating 6.5
2014-06-15 16:48:00,705 INFO  - Added Død Snø 2 with rating 7.8
2014-06-15 16:48:03,332 INFO  - Added Le professionnel with rating 7.8
2014-06-15 16:48:10,171 INFO  - Added Old Yeller with rating 7.3
2014-06-15 16:48:12,122 INFO  - Added Assassination of a High School President with rating 6.4
2014-06-15 16:48:14,464 INFO  - Added The Wizard with rating 6.0
2014-06-15 16:48:16,234 INFO  - Added Halloween II with rating 6.5
2014-06-15 16:48:20,280 INFO  - Added Dead Calm with rating 6.8
2014-06-15 16:48:22,463 INFO  - Added 2 Days in Paris with rating 6.9
2014-06-15 16:48:24,130 INFO  - Added Running with Scissors with rating 6.2
2014-06-15 16:48:26,038 INFO  - Added Red Heat with rating 6.0
2014-06-15 16:48:28,115 INFO  - Added Mandingo with rating 6.1
2014-06-15 16:48:30,072 INFO  - Added Firestarter with rating 6.0
2014-06-15 16:48:32,147 INFO  - Added Song for Marion with rating 7.0
2014-06-15 16:48:34,255 INFO  - Added JCVD with rating 7.2
2014-06-15 16:48:36,213 INFO  - Added Ajeossi with rating 7.9
2014-06-15 16:48:38,954 INFO  - Added La fille du puisatier with rating 7.0
2014-06-15 16:48:42,513 INFO  - Added Enigma with rating 6.4
2014-06-15 16:48:44,365 INFO  - Added Koneko monogatari with rating 7.2
2014-06-15 16:48:46,580 INFO  - Added The Girl Next Door with rating 6.8
2014-06-15 16:48:48,857 INFO  - Added The Opposite of Sex with rating 6.5
2014-06-15 16:48:50,749 INFO  - Added Sleuth with rating 6.5
2014-06-15 16:48:53,063 INFO  - Added Midway with rating 6.7
2014-06-15 16:48:53,063 INFO  - Finished inserting page starting from 5401
2014-06-15 16:48:58,762 INFO  - Added Everything You Always Wanted to Know About Sex * But Were Afraid to Ask with rating 6.8
2014-06-15 16:49:02,704 INFO  - Added Gang Related with rating 6.7
2014-06-15 16:49:04,496 INFO  - Added Fire in the Sky with rating 6.5
2014-06-15 16:49:06,338 INFO  - Added The Nutty Professor with rating 6.7
2014-06-15 16:49:13,837 INFO  - Added Dear Frankie with rating 7.9
2014-06-15 16:49:16,329 INFO  - Added Fireflies in the Garden with rating 6.6
2014-06-15 16:49:18,087 INFO  - Added Bill with rating 6.4
2014-06-15 16:49:21,712 INFO  - Added Cruising with rating 6.3
2014-06-15 16:49:23,607 INFO  - Added Los abrazos rotos with rating 7.2
2014-06-15 16:49:25,396 INFO  - Added My Bodyguard with rating 7.0
2014-06-15 16:49:28,037 INFO  - Added Assault on Precinct 13 with rating 7.4
2014-06-15 16:49:29,832 INFO  - Added Gardens of the Night with rating 7.0
2014-06-15 16:49:34,045 INFO  - Added L.A. Story with rating 6.7
2014-06-15 16:49:35,896 INFO  - Added The Way of the Gun with rating 6.7
2014-06-15 16:49:44,072 INFO  - Added Young Sherlock Holmes with rating 6.8
2014-06-15 16:49:45,907 INFO  - Added In America with rating 7.8
2014-06-15 16:49:50,978 INFO  - Added Newsfront with rating 7.1
2014-06-15 16:49:53,298 INFO  - Added Rules of Engagement with rating 6.3
2014-06-15 16:49:55,798 INFO  - Added Metropia with rating 6.3
2014-06-15 16:49:58,112 INFO  - Added Roxanne with rating 6.6
2014-06-15 16:50:00,187 INFO  - Added 3096 Tage with rating 6.2
2014-06-15 16:50:03,007 INFO  - Added The Arrival with rating 6.3
2014-06-15 16:50:05,469 INFO  - Added Wild Hearts Can't Be Broken with rating 7.2
2014-06-15 16:50:07,390 INFO  - Added Heaven's Gate with rating 6.7
2014-06-15 16:50:09,936 INFO  - Added Dirty Work with rating 6.4
2014-06-15 16:50:15,586 INFO  - Added The Last Unicorn with rating 7.5
2014-06-15 16:50:17,970 INFO  - Added The Muppet Movie with rating 7.7
2014-06-15 16:50:22,319 INFO  - Added Down with Love with rating 6.3
2014-06-15 16:50:24,439 INFO  - Added Made in Dagenham with rating 7.2
2014-06-15 16:50:31,105 INFO  - Added Doghouse with rating 6.1
2014-06-15 16:50:33,236 INFO  - Added The Mighty with rating 7.3
2014-06-15 16:50:35,186 INFO  - Added The Air I Breathe with rating 7.0
2014-06-15 16:50:37,086 INFO  - Added Repulsion with rating 7.8
2014-06-15 16:50:39,084 INFO  - Finished inserting page starting from 5451
2014-06-15 16:50:42,514 INFO  - Added Hart's War with rating 6.3
2014-06-15 16:50:44,843 INFO  - Added Lorenzo's Oil with rating 7.2
2014-06-15 16:50:47,097 INFO  - Added Happy-Go-Lucky with rating 7.0
2014-06-15 16:50:49,294 INFO  - Added Hamlet 2 with rating 6.4
2014-06-15 16:50:52,910 INFO  - Added Grumpier Old Men with rating 6.5
2014-06-15 16:50:54,796 INFO  - Added The Thirteenth Floor with rating 7.0
2014-06-15 16:50:56,544 INFO  - Added Faster, Pussycat! Kill! Kill! with rating 6.8
2014-06-15 16:50:58,406 INFO  - Added Runaway Train with rating 7.3
2014-06-15 16:51:03,668 INFO  - Added Trade with rating 7.5
2014-06-15 16:51:05,651 INFO  - Added Ill Manors with rating 7.0
2014-06-15 16:51:07,652 INFO  - Added Qu'est-ce qu'on a fait au Bon Dieu? with rating 6.8
2014-06-15 16:51:09,398 INFO  - Added The United States of Leland with rating 7.2
2014-06-15 16:51:13,943 INFO  - Added Repo Man with rating 6.9
2014-06-15 16:51:16,343 INFO  - Added L'instinct de mort with rating 7.6
2014-06-15 16:51:18,706 INFO  - Added The Great Buck Howard with rating 6.5
2014-06-15 16:51:21,011 INFO  - Added Small Apartments with rating 6.1
2014-06-15 16:51:25,339 INFO  - Added From Beyond with rating 6.8
2014-06-15 16:51:27,098 INFO  - Added Predestination with rating 8.4
2014-06-15 16:51:29,176 INFO  - Added Le salaire de la peur with rating 8.3
2014-06-15 16:51:33,868 INFO  - Added Good Dick with rating 6.5
2014-06-15 16:51:38,809 INFO  - Added The Brood with rating 6.9
2014-06-15 16:51:40,584 INFO  - Added Sutorîto Faitâ II gekijô-ban with rating 7.3
2014-06-15 16:51:42,569 INFO  - Added S.O.B. with rating 6.4
2014-06-15 16:51:44,960 INFO  - Added Made with rating 6.5
2014-06-15 16:51:47,184 INFO  - Added Beneath the Harvest Sky with rating 6.7
2014-06-15 16:51:49,044 INFO  - Added Aguirre, der Zorn Gottes with rating 8.0
2014-06-15 16:51:51,764 INFO  - Added Hardcore with rating 6.3
2014-06-15 16:51:55,877 INFO  - Added Legendary with rating 6.2
2014-06-15 16:51:57,752 INFO  - Added Teen Witch with rating 6.2
2014-06-15 16:52:02,043 INFO  - Added Suspect with rating 6.6
2014-06-15 16:52:04,476 INFO  - Added It Could Happen to You with rating 6.3
2014-06-15 16:52:08,617 INFO  - Added Road to Paloma with rating 7.6
2014-06-15 16:52:10,942 INFO  - Added Sissi with rating 7.0
2014-06-15 16:52:16,926 INFO  - Added The Shipping News with rating 6.8
2014-06-15 16:52:18,769 INFO  - Added The Believer with rating 7.3
2014-06-15 16:52:22,467 INFO  - Added The Woodsman with rating 7.3
2014-06-15 16:52:24,702 INFO  - Finished inserting page starting from 5501
2014-06-15 16:52:30,858 INFO  - Added Mystery, Alaska with rating 6.6
2014-06-15 16:52:38,883 INFO  - Added Midnight's Children with rating 6.0
2014-06-15 16:52:40,664 INFO  - Added Summer Rental with rating 6.1
2014-06-15 16:52:42,466 INFO  - Added The Philadelphia Experiment with rating 6.1
2014-06-15 16:52:46,683 INFO  - Added Victory with rating 6.6
2014-06-15 16:52:48,983 INFO  - Added Muppets from Space with rating 6.2
2014-06-15 16:52:54,997 INFO  - Added Conquest of the Planet of the Apes with rating 6.0
2014-06-15 16:53:00,408 INFO  - Added Singles with rating 6.7
2014-06-15 16:53:02,341 INFO  - Added W imie... with rating 6.6
2014-06-15 16:53:04,324 INFO  - Added Urban Cowboy with rating 6.1
2014-06-15 16:53:07,524 INFO  - Added The Chant of Jimmie Blacksmith with rating 7.3
2014-06-15 16:53:11,899 INFO  - Added Bugsy with rating 6.8
2014-06-15 16:53:13,808 INFO  - Added Moby Dick with rating 7.4
2014-06-15 16:53:15,607 INFO  - Added My Blue Heaven with rating 6.2
2014-06-15 16:53:19,374 INFO  - Added Henry's Crime with rating 6.0
2014-06-15 16:53:21,015 INFO  - Added Beyond the Black Rainbow with rating 6.0
2014-06-15 16:53:22,957 INFO  - Added American Me with rating 7.2
2014-06-15 16:53:26,733 INFO  - Added Wer with rating 6.1
2014-06-15 16:53:28,816 INFO  - Added Les poupées russes with rating 7.1
2014-06-15 16:53:32,924 INFO  - Added The Howling with rating 6.6
2014-06-15 16:53:40,982 INFO  - Added Keeping the Faith with rating 6.5
2014-06-15 16:53:46,738 INFO  - Added Game of Death with rating 6.1
2014-06-15 16:53:50,863 INFO  - Added Quel maledetto treno blindato with rating 6.6
2014-06-15 16:53:53,140 INFO  - Added Snow Flower and the Secret Fan with rating 6.0
2014-06-15 16:53:58,533 INFO  - Added Fa yeung nin wa with rating 8.1
2014-06-15 16:54:00,431 INFO  - Added The Last Mimzy with rating 6.3
2014-06-15 16:54:02,365 INFO  - Added The Brave Little Toaster with rating 7.3
2014-06-15 16:54:04,366 INFO  - Added Klute with rating 7.2
2014-06-15 16:54:06,631 INFO  - Added Vision Quest with rating 6.5
2014-06-15 16:54:06,631 INFO  - Finished inserting page starting from 5551
2014-06-15 16:54:15,231 INFO  - Added Shrink with rating 6.7
2014-06-15 16:54:24,015 INFO  - Added Flawless with rating 6.4
2014-06-15 16:54:26,348 INFO  - Added Carne trémula with rating 7.5
2014-06-15 16:54:34,405 INFO  - Added The Big Country with rating 7.9
2014-06-15 16:54:39,831 INFO  - Added Frankie & Alice with rating 6.4
2014-06-15 16:54:48,005 INFO  - Added Fierce People with rating 6.6
2014-06-15 16:54:50,172 INFO  - Added The Chumscrubber with rating 7.1
2014-06-15 16:54:52,198 INFO  - Added Airplane II: The Sequel with rating 6.0
2014-06-15 16:54:56,589 INFO  - Added The Tailor of Panama with rating 6.1
2014-06-15 16:54:58,887 INFO  - Added The Perfect Host with rating 6.8
2014-06-15 16:55:02,722 INFO  - Added Der rote Baron with rating 6.3
2014-06-15 16:55:09,296 INFO  - Added Follow That Dream with rating 6.5
2014-06-15 16:55:11,196 INFO  - Added A Love Song for Bobby Long with rating 7.2
2014-06-15 16:55:13,030 INFO  - Added Night on Earth with rating 7.8
2014-06-15 16:55:15,889 INFO  - Added Mademoiselle Chambon with rating 7.0
2014-06-15 16:55:17,952 INFO  - Added Berlin Express with rating 6.9
2014-06-15 16:55:22,431 INFO  - Added Renaissance Man with rating 6.0
2014-06-15 16:55:26,613 INFO  - Added Chéri with rating 6.2
2014-06-15 16:55:28,872 INFO  - Added I'm Gonna Git You Sucka with rating 6.5
2014-06-15 16:55:34,405 INFO  - Added Wolf with rating 7.4
2014-06-15 16:55:38,329 INFO  - Added The Taking of Pelham One Two Three with rating 7.7
2014-06-15 16:55:47,830 INFO  - Added Changing Lanes with rating 6.5
2014-06-15 16:55:51,571 INFO  - Added The Miracle Worker with rating 8.1
2014-06-15 16:55:53,867 INFO  - Finished inserting page starting from 5601
2014-06-15 16:56:03,971 INFO  - Added Throw Momma from the Train with rating 6.2
2014-06-15 16:56:13,420 INFO  - Added Hearts in Atlantis with rating 6.9
2014-06-15 16:56:15,270 INFO  - Added Boksuneun naui geot with rating 7.7
2014-06-15 16:56:16,997 INFO  - Added Pontypool with rating 6.7
2014-06-15 16:56:19,387 INFO  - Added Out to Sea with rating 6.0
2014-06-15 16:56:23,647 INFO  - Added Break Point with rating 7.2
2014-06-15 16:56:25,361 INFO  - Added 9 rota with rating 7.2
2014-06-15 16:56:27,179 INFO  - Added To Have and Have Not with rating 8.0
2014-06-15 16:56:30,497 INFO  - Added Cheaper by the Dozen with rating 7.1
2014-06-15 16:56:34,172 INFO  - Added Kongen av Bastøy with rating 7.4
2014-06-15 16:56:36,320 INFO  - Added Walkabout with rating 7.7
2014-06-15 16:56:44,887 INFO  - Added Shattered Glass with rating 7.3
2014-06-15 16:56:46,845 INFO  - Added Soul Food with rating 6.8
2014-06-15 16:56:51,222 INFO  - Added The End of the Affair with rating 7.2
2014-06-15 16:56:54,653 INFO  - Added Elegy with rating 6.8
2014-06-15 16:56:56,911 INFO  - Added Miami Blues with rating 6.4
2014-06-15 16:57:01,028 INFO  - Added Flesh+Blood with rating 6.7
2014-06-15 16:57:02,845 INFO  - Added Yat goh ho yan with rating 6.1
2014-06-15 16:57:07,344 INFO  - Added The House of the Spirits with rating 6.9
2014-06-15 16:57:09,211 INFO  - Added The Defiant Ones with rating 7.8
2014-06-15 16:57:21,165 INFO  - Added Solitary Man with rating 6.4
2014-06-15 16:57:25,256 INFO  - Added The Postman Always Rings Twice with rating 6.6
2014-06-15 16:57:32,603 INFO  - Added Young Guns II with rating 6.4
2014-06-15 16:57:35,172 INFO  - Added Beachhead with rating 6.0
2014-06-15 16:57:35,172 INFO  - Finished inserting page starting from 5651
2014-06-15 16:57:53,977 INFO  - Added Antares with rating 6.4
2014-06-15 16:57:57,493 INFO  - Added Romper Stomper with rating 6.8
2014-06-15 16:58:06,213 INFO  - Added The Boys from Brazil with rating 7.0
2014-06-15 16:58:08,102 INFO  - Added Ask Me Anything with rating 8.6
2014-06-15 16:58:10,460 INFO  - Added Dead Ringers with rating 7.4
2014-06-15 16:58:13,062 INFO  - Added The Devil's Carnival with rating 6.6
2014-06-15 16:58:18,834 INFO  - Added Inside I'm Dancing with rating 7.9
2014-06-15 16:58:21,209 INFO  - Added Le gamin au vélo with rating 7.3
2014-06-15 16:58:42,035 INFO  - Added The Little Shop of Horrors with rating 6.3
2014-06-15 16:58:43,843 INFO  - Added Deconstructing Harry with rating 7.4
2014-06-15 16:58:47,276 INFO  - Added Lord of Tears with rating 6.5
2014-06-15 16:58:48,942 INFO  - Added Just Cause with rating 6.3
2014-06-15 16:58:50,993 INFO  - Added Oscar with rating 6.3
2014-06-15 16:58:55,153 INFO  - Added The House of Yes with rating 6.7
2014-06-15 16:59:03,501 INFO  - Added The Cowboys with rating 7.4
2014-06-15 16:59:08,200 INFO  - Added Meek's Cutoff with rating 6.5
2014-06-15 16:59:14,417 INFO  - Added The Hunger with rating 6.6
2014-06-15 16:59:17,876 INFO  - Added Desu nôto: The last name with rating 7.4
2014-06-15 16:59:19,589 INFO  - Finished inserting page starting from 5701
2014-06-15 16:59:28,063 INFO  - Added Ju-on with rating 6.7
2014-06-15 16:59:30,617 INFO  - Added My Life Without Me with rating 7.6
2014-06-15 16:59:37,584 INFO  - Added April Rain with rating 6.4
2014-06-15 16:59:39,450 INFO  - Added Miss Bala with rating 6.5
2014-06-15 16:59:41,313 INFO  - Added Any Day Now with rating 7.4
2014-06-15 16:59:43,717 INFO  - Added Arn: Tempelriddaren with rating 6.6
2014-06-15 16:59:45,667 INFO  - Added Wait Until Dark with rating 7.9
2014-06-15 16:59:48,554 INFO  - Added Around the World in Eighty Days with rating 6.8
2014-06-15 16:59:50,366 INFO  - Added San ging caat goo si with rating 7.0
2014-06-15 16:59:53,938 INFO  - Added The Deep End with rating 6.7
2014-06-15 16:59:57,424 INFO  - Added Solyaris with rating 8.1
2014-06-15 17:00:07,413 INFO  - Added Frontière(s) with rating 6.3
2014-06-15 17:00:09,475 INFO  - Added How to Steal a Million with rating 7.6
2014-06-15 17:00:12,441 INFO  - Added Happy Endings with rating 6.5
2014-06-15 17:00:14,525 INFO  - Added Henry V with rating 7.8
2014-06-15 17:00:16,517 INFO  - Added Auf der anderen Seite with rating 7.9
2014-06-15 17:00:18,874 INFO  - Added The Three Burials of Melquiades Estrada with rating 7.5
2014-06-15 17:00:20,650 INFO  - Added The Cooler with rating 7.0
2014-06-15 17:00:28,399 INFO  - Added Looking for Eric with rating 7.2
2014-06-15 17:00:32,482 INFO  - Added Lootera with rating 7.4
2014-06-15 17:00:34,208 INFO  - Added The Sweet Hereafter with rating 7.7
2014-06-15 17:00:36,050 INFO  - Added La reine Margot with rating 7.5
2014-06-15 17:00:39,699 INFO  - Added Little Big Man with rating 7.7
2014-06-15 17:00:52,508 INFO  - Added Could This Be Love with rating 6.0
2014-06-15 17:00:54,491 INFO  - Added Life Partners with rating 7.6
2014-06-15 17:00:57,506 INFO  - Added Diane with rating 6.1
2014-06-15 17:01:03,448 INFO  - Finished inserting page starting from 5751
2014-06-15 17:01:07,151 INFO  - Added The Bad Seed with rating 7.5
2014-06-15 17:01:14,649 INFO  - Added The Caller with rating 6.1
2014-06-15 17:01:20,892 INFO  - Added Waking Ned with rating 7.4
2014-06-15 17:01:22,806 INFO  - Added Mysterious Island with rating 6.8
2014-06-15 17:01:24,817 INFO  - Added Loving Annabelle with rating 6.9
2014-06-15 17:01:29,006 INFO  - Added Sylvia with rating 6.3
2014-06-15 17:01:30,739 INFO  - Added Facing the Giants with rating 6.6
2014-06-15 17:01:32,700 INFO  - Added Entre les murs with rating 7.5
2014-06-15 17:01:34,458 INFO  - Added Swiss Family Robinson with rating 7.2
2014-06-15 17:01:36,315 INFO  - Added Gorillas in the Mist: The Story of Dian Fossey with rating 7.0
2014-06-15 17:01:38,131 INFO  - Added Hamlet with rating 6.8
2014-06-15 17:01:52,898 INFO  - Added River of No Return with rating 6.7
2014-06-15 17:01:55,039 INFO  - Added The Vikings with rating 7.1
2014-06-15 17:01:59,397 INFO  - Added Gone in 60 Seconds with rating 6.5
2014-06-15 17:02:01,283 INFO  - Added Escape to Witch Mountain with rating 6.3
2014-06-15 17:02:03,208 INFO  - Added Scarface with rating 7.8
2014-06-15 17:02:06,680 INFO  - Added Jack Goes Boating with rating 6.4
2014-06-15 17:02:08,422 INFO  - Added Powder Blue with rating 6.4
2014-06-15 17:02:13,072 INFO  - Added The Picture of Dorian Gray with rating 7.6
2014-06-15 17:02:14,853 INFO  - Added Rundskop with rating 7.4
2014-06-15 17:02:18,980 INFO  - Added Monsieur Lazhar with rating 7.5
2014-06-15 17:02:21,392 INFO  - Added El sexo de los ángeles with rating 6.6
2014-06-15 17:02:23,688 INFO  - Added The Executioner with rating 6.1
2014-06-15 17:02:30,213 INFO  - Added It Follows with rating 8.1
2014-06-15 17:02:32,116 INFO  - Added The Hitcher with rating 7.3
2014-06-15 17:02:36,796 INFO  - Added A Man for All Seasons with rating 8.0
2014-06-15 17:02:40,971 INFO  - Added Angel-A with rating 7.1
2014-06-15 17:02:43,771 INFO  - Added Idioterne with rating 6.9
2014-06-15 17:02:48,080 INFO  - Added Gåten Ragnarok with rating 6.1
2014-06-15 17:02:48,080 INFO  - Finished inserting page starting from 5801
2014-06-15 17:02:53,679 INFO  - Added Cat's Eye with rating 6.2
2014-06-15 17:02:58,112 INFO  - Added All the Real Girls with rating 7.0
2014-06-15 17:03:04,921 INFO  - Added Overheard 3 with rating 6.0
2014-06-15 17:03:06,754 INFO  - Added Scenes of a Sexual Nature with rating 6.2
2014-06-15 17:03:08,687 INFO  - Added The Center of the World with rating 6.0
2014-06-15 17:03:10,446 INFO  - Added The Player with rating 7.7
2014-06-15 17:03:14,407 INFO  - Added South Pacific with rating 7.0
2014-06-15 17:03:16,304 INFO  - Added Gojira tai Mekagojira with rating 6.3
2014-06-15 17:03:25,329 INFO  - Added Corrina, Corrina with rating 6.4
2014-06-15 17:03:27,279 INFO  - Added Dong-chang-saeng with rating 6.7
2014-06-15 17:03:31,774 INFO  - Added Living in Oblivion with rating 7.5
2014-06-15 17:03:35,320 INFO  - Added One Crazy Summer with rating 6.4
2014-06-15 17:03:37,295 INFO  - Added Mildred Pierce with rating 8.0
2014-06-15 17:03:39,362 INFO  - Added La strada with rating 8.2
2014-06-15 17:03:53,536 INFO  - Added Creepshow with rating 6.8
2014-06-15 17:03:55,866 INFO  - Added Auto Focus with rating 6.6
2014-06-15 17:03:59,853 INFO  - Added Two Mules for Sister Sara with rating 7.0
2014-06-15 17:04:01,840 INFO  - Added Frozen River with rating 7.2
2014-06-15 17:04:04,190 INFO  - Added Rita, Sue and Bob Too! with rating 6.4
2014-06-15 17:04:07,661 INFO  - Added The Scribbler with rating 7.6
2014-06-15 17:04:09,944 INFO  - Added Get Carter with rating 7.6
2014-06-15 17:04:16,803 INFO  - Added I.Q. with rating 6.2
2014-06-15 17:04:20,703 INFO  - Added Do Começo ao Fim with rating 6.8
2014-06-15 17:04:24,702 INFO  - Added The Beautiful Ordinary with rating 6.1
2014-06-15 17:04:26,524 INFO  - Added Murder at 1600 with rating 6.0
2014-06-15 17:04:30,986 INFO  - Added Thunderbolt and Lightfoot with rating 7.1
2014-06-15 17:04:33,061 INFO  - Finished inserting page starting from 5851
2014-06-15 17:04:36,648 INFO  - Added L.I.E. with rating 7.2
2014-06-15 17:04:39,352 INFO  - Added Far from Heaven with rating 7.4
2014-06-15 17:04:41,702 INFO  - Added Spies Like Us with rating 6.3
2014-06-15 17:04:49,352 INFO  - Added Vera Drake with rating 7.7
2014-06-15 17:04:51,860 INFO  - Added The Namesake with rating 7.6
2014-06-15 17:04:54,585 INFO  - Added The Corn Is Green with rating 7.8
2014-06-15 17:05:01,951 INFO  - Added Taxidermia with rating 7.0
2014-06-15 17:05:03,743 INFO  - Added Thumbelina with rating 6.3
2014-06-15 17:05:06,177 INFO  - Added SubUrbia with rating 6.7
2014-06-15 17:05:09,127 INFO  - Added Big Trouble with rating 6.5
2014-06-15 17:05:10,935 INFO  - Added Jamón Jamón with rating 6.5
2014-06-15 17:05:13,160 INFO  - Added Le mépris with rating 7.8
2014-06-15 17:05:26,031 INFO  - Added Moonfleet with rating 6.8
2014-06-15 17:05:34,251 INFO  - Added Kit Kittredge: An American Girl with rating 6.7
2014-06-15 17:05:38,230 INFO  - Added También la lluvia with rating 7.4
2014-06-15 17:05:44,651 INFO  - Added The Vanishing with rating 6.2
2014-06-15 17:05:48,842 INFO  - Added Calendar Girls with rating 6.9
2014-06-15 17:05:53,217 INFO  - Added Les adieux à la reine with rating 6.3
2014-06-15 17:05:55,647 INFO  - Added Thief with rating 7.4
2014-06-15 17:05:57,951 INFO  - Added Red River with rating 7.8
2014-06-15 17:05:59,784 INFO  - Added Last Holiday with rating 6.3
2014-06-15 17:06:03,926 INFO  - Added Big Night with rating 7.4
2014-06-15 17:06:07,445 INFO  - Added Bird People with rating 6.6
2014-06-15 17:06:10,967 INFO  - Added Secret Admirer with rating 6.5
2014-06-15 17:06:13,383 INFO  - Added The Gold Rush with rating 8.3
2014-06-15 17:06:15,187 INFO  - Added Miss Lovely with rating 7.1
2014-06-15 17:06:19,288 INFO  - Finished inserting page starting from 5901
2014-06-15 17:06:24,867 INFO  - Added Wild America with rating 6.2
2014-06-15 17:06:29,421 INFO  - Added Picnic at Hanging Rock with rating 7.6
2014-06-15 17:06:38,092 INFO  - Added Spider with rating 6.9
2014-06-15 17:06:41,933 INFO  - Added Evil Under the Sun with rating 7.0
2014-06-15 17:06:43,797 INFO  - Added In Cold Blood with rating 8.0
2014-06-15 17:06:45,766 INFO  - Added Hell's Angels with rating 7.9
2014-06-15 17:06:48,058 INFO  - Added La délicatesse with rating 6.6
2014-06-15 17:06:49,874 INFO  - Added Brewster's Millions with rating 6.4
2014-06-15 17:06:55,658 INFO  - Added Waar with rating 9.2
2014-06-15 17:06:59,841 INFO  - Added Edwin Boyd with rating 6.1
2014-06-15 17:07:02,466 INFO  - Added Miracle at St. Anna with rating 6.0
2014-06-15 17:07:12,016 INFO  - Added My Dog Skip with rating 7.0
2014-06-15 17:07:13,858 INFO  - Added Heaven & Earth with rating 6.8
2014-06-15 17:07:15,657 INFO  - Added Dance of the Vampires with rating 7.3
2014-06-15 17:07:18,565 INFO  - Added Beyond the Sea with rating 6.7
2014-06-15 17:07:22,298 INFO  - Added Doctor in the House with rating 6.7
2014-06-15 17:07:36,648 INFO  - Added Sala samobójców with rating 6.9
2014-06-15 17:07:38,515 INFO  - Added Ong-bak 2 with rating 6.2
2014-06-15 17:07:42,231 INFO  - Added White Fang with rating 6.6
2014-06-15 17:07:44,091 INFO  - Added Mental with rating 6.1
2014-06-15 17:07:48,796 INFO  - Added House with rating 6.2
2014-06-15 17:07:51,299 INFO  - Added A Chorus Line with rating 6.0
2014-06-15 17:07:55,474 INFO  - Added Don 2 with rating 7.1
2014-06-15 17:07:57,906 INFO  - Added A Place in the Sun with rating 7.9
2014-06-15 17:07:59,556 INFO  - Added Jiu huo ying xiong with rating 6.3
2014-06-15 17:08:04,413 INFO  - Finished inserting page starting from 5951
